Log file open, 04/26/18 14:13:10
LogWindows: Failed to load 'aqProf.dll' (GetLastError=126)
LogWindows: File 'aqProf.dll' does not exist
LogWindows: Failed to load 'VtuneApi.dll' (GetLastError=126)
LogWindows: File 'VtuneApi.dll' does not exist
LogWindows: Failed to load 'VtuneApi32e.dll' (GetLastError=126)
LogWindows: File 'VtuneApi32e.dll' does not exist
LogInit: Display: Running engine for game: MyProject
LogPlatformFile: Not using cached read wrapper
LogInit: Display: RandInit(822908088) SRandInit(822908088).
LogInit: Read version file with build ID '3944462'
LogInit: Overriding engine version to CL 3989454, compatible CL 3944462
LogInit: Registered custom module enumerator with build ID '3944462'
LogTaskGraph: Started task graph with 5 named threads and 23 total threads with 3 sets of task threads.
LogStats: Stats thread started at 0.287507
LogD3D11RHI: Aftermath initialized
LogICUInternationalization: Display: ICU TimeZone Detection - Raw Offset: +3:00, Platform Override: ''
LogPluginManager: Mounting plugin Paper2D
LogPluginManager: Mounting plugin LiveLink
LogPluginManager: Mounting plugin LightPropagationVolume
LogPluginManager: Mounting plugin CLionSourceCodeAccess
LogPluginManager: Mounting plugin CodeLiteSourceCodeAccess
LogPluginManager: Mounting plugin GitSourceControl
LogPluginManager: Mounting plugin KDevelopSourceCodeAccess
LogPluginManager: Mounting plugin NullSourceCodeAccess
LogPluginManager: Mounting plugin PerforceSourceControl
LogPluginManager: Mounting plugin SubversionSourceControl
LogPluginManager: Mounting plugin UObjectPlugin
LogPluginManager: Mounting plugin VisualStudioCodeSourceCodeAccess
LogPluginManager: Mounting plugin VisualStudioSourceCodeAccess
LogPluginManager: Mounting plugin XCodeSourceCodeAccess
LogPluginManager: Mounting plugin AssetManagerEditor
LogPluginManager: Mounting plugin CryptoKeys
LogPluginManager: Mounting plugin DataValidation
LogPluginManager: Mounting plugin FacialAnimation
LogPluginManager: Mounting plugin GameplayTagsEditor
LogPluginManager: Mounting plugin MobileLauncherProfileWizard
LogPluginManager: Mounting plugin PluginBrowser
LogPluginManager: Mounting plugin SpeedTreeImporter
LogPluginManager: Mounting plugin DatasmithContent
LogPluginManager: Mounting plugin AlembicImporter
LogPluginManager: Mounting plugin CharacterAI
LogPluginManager: Mounting plugin HTML5Networking
LogPluginManager: Mounting plugin AndroidMedia
LogPluginManager: Mounting plugin AvfMedia
LogPluginManager: Mounting plugin ImgMedia
LogPluginManager: Mounting plugin LinearTimecode
LogPluginManager: Mounting plugin MediaCompositing
LogPluginManager: Mounting plugin MediaPlayerEditor
LogPluginManager: Mounting plugin WmfMedia
LogPluginManager: Mounting plugin TcpMessaging
LogPluginManager: Mounting plugin UdpMessaging
LogPluginManager: Mounting plugin ActorSequence
LogPluginManager: Mounting plugin LevelSequenceEditor
LogPluginManager: Mounting plugin MatineeToLevelSequence
LogPluginManager: Mounting plugin NetcodeUnitTest
LogPluginManager: Mounting plugin NUTUnrealEngine4
LogPluginManager: Mounting plugin OnlineSubsystemGooglePlay
LogPluginManager: Mounting plugin OnlineSubsystemIOS
LogPluginManager: Mounting plugin OnlineSubsystem
LogPluginManager: Mounting plugin OnlineSubsystemNull
LogPluginManager: Mounting plugin OnlineSubsystemSteam
LogPluginManager: Mounting plugin OnlineSubsystemUtils
LogPluginManager: Mounting plugin AndroidDeviceProfileSelector
LogPluginManager: Mounting plugin AndroidMoviePlayer
LogPluginManager: Mounting plugin AndroidPermission
LogPluginManager: Mounting plugin AppleARKit
LogPluginManager: Mounting plugin AppleMoviePlayer
LogPluginManager: Mounting plugin ArchVisCharacter
LogPluginManager: Mounting plugin AudioCapture
LogPluginManager: Mounting plugin CableComponent
LogPluginManager: Mounting plugin CustomMeshComponent
LogPluginManager: Mounting plugin ExampleDeviceProfileSelector
LogPluginManager: Mounting plugin GoogleCloudMessaging
LogPluginManager: Mounting plugin ImmediatePhysics
LogPluginManager: Mounting plugin IOSDeviceProfileSelector
LogPluginManager: Mounting plugin LinuxDeviceProfileSelector
LogPluginManager: Mounting plugin LocationServicesBPLibrary
LogPluginManager: Mounting plugin MobilePatchingUtils
LogPluginManager: Mounting plugin OculusVR
LogPluginManager: Plugin shader directory ../../../Engine/Plugins/Runtime/Oculus/OculusVR/Shaders found
LogPluginManager: Mapping shader source directory ../../../Engine/Plugins/Runtime/Oculus/OculusVR/Shaders to virtual directory /Plugin/OculusVR
LogPluginManager: Mounting plugin PhysXVehicles
LogPluginManager: Mounting plugin ProceduralMeshComponent
LogPluginManager: Mounting plugin RuntimePhysXCooking
LogPluginManager: Mounting plugin SteamVR
LogPluginManager: Mounting plugin WindowsMoviePlayer
LogPluginManager: Mounting plugin AdvancedSessions
LogPluginManager: Mounting plugin AdvancedSteamSessions
LogPluginManager: Mounting plugin OpenVRExpansionPlugin
LogPluginManager: Mounting plugin VRExpansionPlugin
LogStreaming: Display: Took  0.115s to configure plugins.
LogModuleManager: Display: Found up-to-date module file ../../../../../../Users/Alex/Documents/Unreal Projects/MyProject/Binaries/Win64/UE4Editor-MyProject.dll (API version 3944462).
LogModuleManager: Display: Found up-to-date module file ../../../Engine/Plugins/2D/Paper2D/Binaries/Win64/UE4Editor-Paper2D.dll (API version 3944462).
LogModuleManager: Display: Found up-to-date module file ../../../Engine/Plugins/2D/Paper2D/Binaries/Win64/UE4Editor-Paper2DEditor.dll (API version 3944462).
LogModuleManager: Display: Found up-to-date module file ../../../Engine/Plugins/2D/Paper2D/Binaries/Win64/UE4Editor-PaperSpriteSheetImporter.dll (API version 3944462).
LogModuleManager: Display: Found up-to-date module file ../../../Engine/Plugins/2D/Paper2D/Binaries/Win64/UE4Editor-PaperTiledImporter.dll (API version 3944462).
LogModuleManager: Display: Found up-to-date module file ../../../Engine/Plugins/2D/Paper2D/Binaries/Win64/UE4Editor-SmartSnapping.dll (API version 3944462).
LogModuleManager: Display: Found up-to-date module file ../../../Engine/Plugins/Animation/LiveLink/Binaries/Win64/UE4Editor-LiveLink.dll (API version 3944462).
LogModuleManager: Display: Found up-to-date module file ../../../Engine/Plugins/Animation/LiveLink/Binaries/Win64/UE4Editor-LiveLinkEditor.dll (API version 3944462).
LogModuleManager: Display: Found up-to-date module file ../../../Engine/Plugins/Blendables/LightPropagationVolume/Binaries/Win64/UE4Editor-LightPropagationVolumeRuntime.dll (API version 3944462).
LogModuleManager: Display: Found up-to-date module file ../../../Engine/Plugins/Blendables/LightPropagationVolume/Binaries/Win64/UE4Editor-LightPropagationVolumeEditor.dll (API version 3944462).
LogModuleManager: Display: Found up-to-date module file ../../../Engine/Plugins/Developer/CLionSourceCodeAccess/Binaries/Win64/UE4Editor-CLionSourceCodeAccess.dll (API version 3944462).
LogModuleManager: Display: Found up-to-date module file ../../../Engine/Plugins/Developer/GitSourceControl/Binaries/Win64/UE4Editor-GitSourceControl.dll (API version 3944462).
LogModuleManager: Display: Found up-to-date module file ../../../Engine/Plugins/Developer/PerforceSourceControl/Binaries/Win64/UE4Editor-PerforceSourceControl.dll (API version 3944462).
LogModuleManager: Display: Found up-to-date module file ../../../Engine/Plugins/Developer/SubversionSourceControl/Binaries/Win64/UE4Editor-SubversionSourceControl.dll (API version 3944462).
LogModuleManager: Display: Found up-to-date module file ../../../Engine/Plugins/Developer/UObjectPlugin/Binaries/Win64/UE4Editor-UObjectPlugin.dll (API version 3944462).
LogModuleManager: Display: Found up-to-date module file ../../../Engine/Plugins/Developer/VisualStudioCodeSourceCodeAccess/Binaries/Win64/UE4Editor-VisualStudioCodeSourceCodeAccess.dll (API version 3944462).
LogModuleManager: Display: Found up-to-date module file ../../../Engine/Plugins/Developer/VisualStudioSourceCodeAccess/Binaries/Win64/UE4Editor-VisualStudioSourceCodeAccess.dll (API version 3944462).
LogModuleManager: Display: Found up-to-date module file ../../../Engine/Plugins/Editor/AssetManagerEditor/Binaries/Win64/UE4Editor-AssetManagerEditor.dll (API version 3944462).
LogModuleManager: Display: Found up-to-date module file ../../../Engine/Plugins/Editor/CryptoKeys/Binaries/Win64/UE4Editor-CryptoKeys.dll (API version 3944462).
LogModuleManager: Display: Found up-to-date module file ../../../Engine/Plugins/Editor/CryptoKeys/Binaries/Win64/UE4Editor-CryptoKeysOpenSSL.dll (API version 3944462).
LogModuleManager: Display: Found up-to-date module file ../../../Engine/Plugins/Editor/DataValidation/Binaries/Win64/UE4Editor-DataValidation.dll (API version 3944462).
LogModuleManager: Display: Found up-to-date module file ../../../Engine/Plugins/Editor/FacialAnimation/Binaries/Win64/UE4Editor-FacialAnimation.dll (API version 3944462).
LogModuleManager: Display: Found up-to-date module file ../../../Engine/Plugins/Editor/FacialAnimation/Binaries/Win64/UE4Editor-FacialAnimationEditor.dll (API version 3944462).
LogModuleManager: Display: Found up-to-date module file ../../../Engine/Plugins/Editor/GameplayTagsEditor/Binaries/Win64/UE4Editor-GameplayTagsEditor.dll (API version 3944462).
LogModuleManager: Display: Found up-to-date module file ../../../Engine/Plugins/Editor/MobileLauncherProfileWizard/Binaries/Win64/UE4Editor-MobileLauncherProfileWizard.dll (API version 3944462).
LogModuleManager: Display: Found up-to-date module file ../../../Engine/Plugins/Editor/PluginBrowser/Binaries/Win64/UE4Editor-PluginBrowser.dll (API version 3944462).
LogModuleManager: Display: Found up-to-date module file ../../../Engine/Plugins/Editor/SpeedTreeImporter/Binaries/Win64/UE4Editor-SpeedTreeImporter.dll (API version 3944462).
LogModuleManager: Display: Found up-to-date module file ../../../Engine/Plugins/Enterprise/DatasmithContent/Binaries/Win64/UE4Editor-DatasmithContent.dll (API version 3944462).
LogModuleManager: Display: Found up-to-date module file ../../../Engine/Plugins/Experimental/AlembicImporter/Binaries/Win64/UE4Editor-AlembicImporter.dll (API version 3944462).
LogModuleManager: Display: Found up-to-date module file ../../../Engine/Plugins/Experimental/AlembicImporter/Binaries/Win64/UE4Editor-AlembicLibrary.dll (API version 3944462).
LogModuleManager: Display: Found up-to-date module file ../../../Engine/Plugins/Experimental/CharacterAI/Binaries/Win64/UE4Editor-CharacterAI.dll (API version 3944462).
LogModuleManager: Display: Found up-to-date module file ../../../Engine/Plugins/Experimental/HTML5Networking/Binaries/Win64/UE4Editor-HTML5Networking.dll (API version 3944462).
LogModuleManager: Display: Found up-to-date module file ../../../Engine/Plugins/Media/AndroidMedia/Binaries/Win64/UE4Editor-AndroidMediaEditor.dll (API version 3944462).
LogModuleManager: Display: Found up-to-date module file ../../../Engine/Plugins/Media/AndroidMedia/Binaries/Win64/UE4Editor-AndroidMediaFactory.dll (API version 3944462).
LogModuleManager: Display: Found up-to-date module file ../../../Engine/Plugins/Media/AvfMedia/Binaries/Win64/UE4Editor-AvfMediaEditor.dll (API version 3944462).
LogModuleManager: Display: Found up-to-date module file ../../../Engine/Plugins/Media/AvfMedia/Binaries/Win64/UE4Editor-AvfMediaFactory.dll (API version 3944462).
LogModuleManager: Display: Found up-to-date module file ../../../Engine/Plugins/Media/AvfMedia/Binaries/Win64/UE4Editor-AvfMediaFactory.dll (API version 3944462).
LogModuleManager: Display: Found up-to-date module file ../../../Engine/Plugins/Media/ImgMedia/Binaries/Win64/UE4Editor-ImgMedia.dll (API version 3944462).
LogModuleManager: Display: Found up-to-date module file ../../../Engine/Plugins/Media/ImgMedia/Binaries/Win64/UE4Editor-ImgMediaEditor.dll (API version 3944462).
LogModuleManager: Display: Found up-to-date module file ../../../Engine/Plugins/Media/ImgMedia/Binaries/Win64/UE4Editor-ImgMediaFactory.dll (API version 3944462).
LogModuleManager: Display: Found up-to-date module file ../../../Engine/Plugins/Media/ImgMedia/Binaries/Win64/UE4Editor-ImgMediaFactory.dll (API version 3944462).
LogModuleManager: Display: Found up-to-date module file ../../../Engine/Plugins/Media/ImgMedia/Binaries/Win64/UE4Editor-OpenExrWrapper.dll (API version 3944462).
LogModuleManager: Display: Found up-to-date module file ../../../Engine/Plugins/Media/LinearTimecode/Binaries/Win64/UE4Editor-LinearTimecode.dll (API version 3944462).
LogModuleManager: Display: Found up-to-date module file ../../../Engine/Plugins/Media/MediaCompositing/Binaries/Win64/UE4Editor-MediaCompositing.dll (API version 3944462).
LogModuleManager: Display: Found up-to-date module file ../../../Engine/Plugins/Media/MediaCompositing/Binaries/Win64/UE4Editor-MediaCompositingEditor.dll (API version 3944462).
LogModuleManager: Display: Found up-to-date module file ../../../Engine/Plugins/Media/MediaPlayerEditor/Binaries/Win64/UE4Editor-MediaPlayerEditor.dll (API version 3944462).
LogModuleManager: Display: Found up-to-date module file ../../../Engine/Plugins/Media/WmfMedia/Binaries/Win64/UE4Editor-WmfMedia.dll (API version 3944462).
LogModuleManager: Display: Found up-to-date module file ../../../Engine/Plugins/Media/WmfMedia/Binaries/Win64/UE4Editor-WmfMediaEditor.dll (API version 3944462).
LogModuleManager: Display: Found up-to-date module file ../../../Engine/Plugins/Media/WmfMedia/Binaries/Win64/UE4Editor-WmfMediaFactory.dll (API version 3944462).
LogModuleManager: Display: Found up-to-date module file ../../../Engine/Plugins/Media/WmfMedia/Binaries/Win64/UE4Editor-WmfMediaFactory.dll (API version 3944462).
LogModuleManager: Display: Found up-to-date module file ../../../Engine/Plugins/Messaging/TcpMessaging/Binaries/Win64/UE4Editor-TcpMessaging.dll (API version 3944462).
LogModuleManager: Display: Found up-to-date module file ../../../Engine/Plugins/Messaging/UdpMessaging/Binaries/Win64/UE4Editor-UdpMessaging.dll (API version 3944462).
LogModuleManager: Display: Found up-to-date module file ../../../Engine/Plugins/MovieScene/ActorSequence/Binaries/Win64/UE4Editor-ActorSequence.dll (API version 3944462).
LogModuleManager: Display: Found up-to-date module file ../../../Engine/Plugins/MovieScene/LevelSequenceEditor/Binaries/Win64/UE4Editor-LevelSequenceEditor.dll (API version 3944462).
LogModuleManager: Display: Found up-to-date module file ../../../Engine/Plugins/MovieScene/MatineeToLevelSequence/Binaries/Win64/UE4Editor-MatineeToLevelSequence.dll (API version 3944462).
LogModuleManager: Display: Found up-to-date module file ../../../Engine/Plugins/NetcodeUnitTest/NetcodeUnitTest/Binaries/Win64/UE4Editor-NetcodeUnitTest.dll (API version 3944462).
LogModuleManager: Display: Found up-to-date module file ../../../Engine/Plugins/NetcodeUnitTest/NUTUnrealEngine4/Binaries/Win64/UE4Editor-NUTUnrealEngine4.dll (API version 3944462).
LogModuleManager: Display: Found up-to-date module file ../../../Engine/Plugins/Online/OnlineSubsystem/Binaries/Win64/UE4Editor-OnlineSubsystem.dll (API version 3944462).
LogModuleManager: Display: Found up-to-date module file ../../../Engine/Plugins/Online/OnlineSubsystemNull/Binaries/Win64/UE4Editor-OnlineSubsystemNull.dll (API version 3944462).
LogModuleManager: Display: Found up-to-date module file ../../../Engine/Plugins/Online/OnlineSubsystemSteam/Binaries/Win64/UE4Editor-OnlineSubsystemSteam.dll (API version 3944462).
LogModuleManager: Display: Found up-to-date module file ../../../Engine/Plugins/Online/OnlineSubsystemUtils/Binaries/Win64/UE4Editor-OnlineSubsystemUtils.dll (API version 3944462).
LogModuleManager: Display: Found up-to-date module file ../../../Engine/Plugins/Online/OnlineSubsystemUtils/Binaries/Win64/UE4Editor-OnlineBlueprintSupport.dll (API version 3944462).
LogModuleManager: Display: Found up-to-date module file ../../../Engine/Plugins/Runtime/AndroidDeviceProfileSelector/Binaries/Win64/UE4Editor-AndroidDeviceProfileSelector.dll (API version 3944462).
LogModuleManager: Display: Found up-to-date module file ../../../Engine/Plugins/Runtime/AndroidPermission/Binaries/Win64/UE4Editor-AndroidPermission.dll (API version 3944462).
LogModuleManager: Display: Found up-to-date module file ../../../Engine/Plugins/Runtime/AppleARKit/Binaries/Win64/UE4Editor-AppleARKit.dll (API version 3944462).
LogModuleManager: Display: Found up-to-date module file ../../../Engine/Plugins/Runtime/ArchVisCharacter/Binaries/Win64/UE4Editor-ArchVisCharacter.dll (API version 3944462).
LogModuleManager: Display: Found up-to-date module file ../../../Engine/Plugins/Runtime/AudioCapture/Binaries/Win64/UE4Editor-AudioCapture.dll (API version 3944462).
LogModuleManager: Display: Found up-to-date module file ../../../Engine/Plugins/Runtime/AudioCapture/Binaries/Win64/UE4Editor-AudioCaptureEditor.dll (API version 3944462).
LogModuleManager: Display: Found up-to-date module file ../../../Engine/Plugins/Runtime/CableComponent/Binaries/Win64/UE4Editor-CableComponent.dll (API version 3944462).
LogModuleManager: Display: Found up-to-date module file ../../../Engine/Plugins/Runtime/CustomMeshComponent/Binaries/Win64/UE4Editor-CustomMeshComponent.dll (API version 3944462).
LogModuleManager: Display: Found up-to-date module file ../../../Engine/Plugins/Runtime/ExampleDeviceProfileSelector/Binaries/Win64/UE4Editor-ExampleDeviceProfileSelector.dll (API version 3944462).
LogModuleManager: Display: Found up-to-date module file ../../../Engine/Plugins/Runtime/ImmediatePhysics/Binaries/Win64/UE4Editor-ImmediatePhysics.dll (API version 3944462).
LogModuleManager: Display: Found up-to-date module file ../../../Engine/Plugins/Runtime/ImmediatePhysics/Binaries/Win64/UE4Editor-ImmediatePhysicsEditor.dll (API version 3944462).
LogModuleManager: Display: Found up-to-date module file ../../../Engine/Plugins/Runtime/LocationServicesBPLibrary/Binaries/Win64/UE4Editor-LocationServicesBPLibrary.dll (API version 3944462).
LogModuleManager: Display: Found up-to-date module file ../../../Engine/Plugins/Runtime/MobilePatchingUtils/Binaries/Win64/UE4Editor-MobilePatchingUtils.dll (API version 3944462).
LogModuleManager: Display: Found up-to-date module file ../../../Engine/Plugins/Runtime/Oculus/OculusVR/Binaries/Win64/UE4Editor-OculusHMD.dll (API version 3944462).
LogModuleManager: Display: Found up-to-date module file ../../../Engine/Plugins/Runtime/Oculus/OculusVR/Binaries/Win64/UE4Editor-OculusInput.dll (API version 3944462).
LogModuleManager: Display: Found up-to-date module file ../../../Engine/Plugins/Runtime/Oculus/OculusVR/Binaries/Win64/UE4Editor-OculusEditor.dll (API version 3944462).
LogModuleManager: Display: Found up-to-date module file ../../../Engine/Plugins/Runtime/PhysXVehicles/Binaries/Win64/UE4Editor-PhysXVehicles.dll (API version 3944462).
LogModuleManager: Display: Found up-to-date module file ../../../Engine/Plugins/Runtime/PhysXVehicles/Binaries/Win64/UE4Editor-PhysXVehiclesEditor.dll (API version 3944462).
LogModuleManager: Display: Found up-to-date module file ../../../Engine/Plugins/Runtime/ProceduralMeshComponent/Binaries/Win64/UE4Editor-ProceduralMeshComponent.dll (API version 3944462).
LogModuleManager: Display: Found up-to-date module file ../../../Engine/Plugins/Runtime/ProceduralMeshComponent/Binaries/Win64/UE4Editor-ProceduralMeshComponentEditor.dll (API version 3944462).
LogModuleManager: Display: Found up-to-date module file ../../../Engine/Plugins/Runtime/RuntimePhysXCooking/Binaries/Win64/UE4Editor-RuntimePhysXCooking.dll (API version 3944462).
LogModuleManager: Display: Found up-to-date module file ../../../Engine/Plugins/Runtime/Steam/SteamVR/Binaries/Win64/UE4Editor-SteamVR.dll (API version 3944462).
LogModuleManager: Display: Found up-to-date module file ../../../Engine/Plugins/Runtime/Steam/SteamVR/Binaries/Win64/UE4Editor-SteamVRController.dll (API version 3944462).
LogModuleManager: Display: Found up-to-date module file ../../../Engine/Plugins/Runtime/WindowsMoviePlayer/Binaries/Win64/UE4Editor-WindowsMoviePlayer.dll (API version 3944462).
LogModuleManager: Display: Found up-to-date module file ../../../../../../Users/Alex/Documents/Unreal Projects/MyProject/Plugins/Plugins/AdvancedSessions/AdvancedSessions/Binaries/Win64/UE4Editor-AdvancedSessions.dll (API version 3944462).
LogModuleManager: Display: Found up-to-date module file ../../../../../../Users/Alex/Documents/Unreal Projects/MyProject/Plugins/Plugins/AdvancedSessions/AdvancedSteamSessions/Binaries/Win64/UE4Editor-AdvancedSteamSessions.dll (API version 3944462).
LogModuleManager: Display: Found up-to-date module file ../../../../../../Users/Alex/Documents/Unreal Projects/MyProject/Plugins/Plugins/VRExpansionPlugin/OpenVRExpansionPlugin/Binaries/Win64/UE4Editor-OpenVRExpansionPlugin.dll (API version 3944462).
LogModuleManager: Display: Found up-to-date module file ../../../../../../Users/Alex/Documents/Unreal Projects/MyProject/Plugins/Plugins/VRExpansionPlugin/VRExpansionPlugin/Binaries/Win64/UE4Editor-VRExpansionPlugin.dll (API version 3944462).
LogInit: Using libcurl 7.47.1
LogInit:  - built for x86_64-pc-win32
LogInit:  - supports SSL with OpenSSL/1.0.2g
LogInit:  - supports HTTP deflate (compression) using libz 1.2.8
LogInit:  - other features:
LogInit:      CURL_VERSION_SSL
LogInit:      CURL_VERSION_LIBZ
LogInit:      CURL_VERSION_IPV6
LogInit:      CURL_VERSION_ASYNCHDNS
LogInit:      CURL_VERSION_LARGEFILE
LogInit:      CURL_VERSION_IDN
LogInit:  CurlRequestOptions (configurable via config and command line):
LogInit:  - bVerifyPeer = false  - Libcurl will NOT verify peer certificate
LogInit:  - bUseHttpProxy = false  - Libcurl will NOT use HTTP proxy
LogInit:  - bDontReuseConnections = false  - Libcurl will reuse connections
LogInit:  - CertBundlePath = nullptr  - Libcurl will use whatever was configured at build time.
LogInit:  - MaxHostConnections = 16  - Libcurl will limit the number of connections to a host
LogInit:  - LocalHostAddr = Default
LogInit: WinSock: version 1.1 (2.2), MaxSocks=32767, MaxUdp=65467
LogInit: WinSock: I am Ebosh (192.168.1.34:0)
LogInit: Build: ++UE4+Release-4.19-CL-3989454
LogInit: Engine Version: 4.19.1-3989454+++UE4+Release-4.19
LogInit: Compatible Engine Version: 4.19.0-3944462+++UE4+Release-4.19
LogInit: Net CL: 3944462
LogDevObjectVersion: Number of dev versions registered: 18
LogDevObjectVersion:   Dev-Blueprints (B0D832E4-1F89-4F0D-ACCF-7EB736FD4AA2): 10
LogDevObjectVersion:   Dev-Build (E1C64328-A22C-4D53-A36C-8E866417BD8C): 0
LogDevObjectVersion:   Dev-Core (375EC13C-06E4-48FB-B500-84F0262A717E): 2
LogDevObjectVersion:   Dev-Editor (E4B068ED-F494-42E9-A231-DA0B2E46BB41): 23
LogDevObjectVersion:   Dev-Framework (CFFC743F-43B0-4480-9391-14DF171D2073): 33
LogDevObjectVersion:   Dev-Mobile (B02B49B5-BB20-44E9-A304-32B752E40360): 2
LogDevObjectVersion:   Dev-Networking (A4E4105C-59A1-49B5-A7C5-40C4547EDFEE): 0
LogDevObjectVersion:   Dev-Online (39C831C9-5AE6-47DC-9A44-9C173E1C8E7C): 0
LogDevObjectVersion:   Dev-Physics (78F01B33-EBEA-4F98-B9B4-84EACCB95AA2): 0
LogDevObjectVersion:   Dev-Platform (6631380F-2D4D-43E0-8009-CF276956A95A): 0
LogDevObjectVersion:   Dev-Rendering (12F88B9F-8875-4AFC-A67C-D90C383ABD29): 25
LogDevObjectVersion:   Dev-Sequencer (7B5AE74C-D270-4C10-A958-57980B212A5A): 6
LogDevObjectVersion:   Dev-VR (D7296918-1DD6-4BDD-9DE2-64A83CC13884): 1
LogDevObjectVersion:   Dev-LoadTimes (C2A15278-BFE7-4AFE-6C17-90FF531DF755): 1
LogDevObjectVersion:   Private-Geometry (6EACA3D4-40EC-4CC1-B786-8BED09428FC5): 2
LogDevObjectVersion:   Dev-AnimPhys (29E575DD-E0A3-4627-9D10-D276232CDCEA): 16
LogDevObjectVersion:   Dev-ReflectionCapture (6B266CEC-1EC7-4B8F-A30B-E4D90942FC07): 1
LogDevObjectVersion:   Dev-Automation (0DF73D61-A23F-47EA-B727-89E90C41499A): 1
LogInit: Compiled (64-bit): Apr  6 2018 12:26:04
LogInit: Compiled with Visual C++: 19.00.24215.01
LogInit: Build Configuration: Development
LogInit: Branch Name: ++UE4+Release-4.19
LogInit: Command Line:  
LogInit: Base Directory: C:/Program Files/Epic Games/UE_4.19/Engine/Binaries/Win64/
LogInit: Installed Engine Build: 1
LogStreaming: Display: Took  0.001s to delete old logs.
LogInit: Presizing for max 8388607 objects, including 0 objects not considered by GC, pre-allocating 0 bytes for permanent pool.
LogInit: Object subsystem initialized
[2018.04.26-11.13.12:949][  0]LogInit: Selected Device Profile: [Windows]
[2018.04.26-11.13.12:949][  0]LogInit: Applying CVar settings loaded from the selected device profile: [Windows]
[2018.04.26-11.13.12:959][  0]LogInit: Computer: EBOSH
[2018.04.26-11.13.12:959][  0]LogInit: User: Alex
[2018.04.26-11.13.12:959][  0]LogInit: CPU Page size=4096, Cores=4
[2018.04.26-11.13.12:959][  0]LogInit: High frequency timer resolution =3.323588 MHz
[2018.04.26-11.13.12:959][  0]LogMemory: Memory total: Physical=16.0GB (16GB approx)
[2018.04.26-11.13.12:959][  0]LogMemory: Platform Memory Stats for Windows
[2018.04.26-11.13.12:959][  0]LogMemory: Process Physical Memory: 281.27 MB used, 281.27 MB peak
[2018.04.26-11.13.12:959][  0]LogMemory: Process Virtual Memory: 271.27 MB used, 271.27 MB peak
[2018.04.26-11.13.12:959][  0]LogMemory: Physical Memory: 4919.70 MB used,  11425.34 MB free, 16345.04 MB total
[2018.04.26-11.13.12:959][  0]LogMemory: Virtual Memory: 717.80 MB used,  11425.34 MB free, 134217728.00 MB total
[2018.04.26-11.13.12:978][  0]LogInit: Using OS detected language (ru-RU).
[2018.04.26-11.13.12:978][  0]LogInit: Using OS detected locale (ru-RU).
[2018.04.26-11.13.12:982][  0]LogTextLocalizationManager: No localization for 'ru-RU' exists, so 'en' will be used for the language.
[2018.04.26-11.13.13:432][  0]LogStreaming: Display: Took  0.455s to EndInitTextLocalization.
[2018.04.26-11.13.13:433][  0]LogInit: Setting process to per monitor DPI aware
[2018.04.26-11.13.13:460][  0]LogSlate: New Slate User Created.  User Index 0, Is Virtual User: 0
[2018.04.26-11.13.13:460][  0]LogSlate: Slate User Registered.  User Index 0, Is Virtual User: 0
[2018.04.26-11.13.13:676][  0]LogD3D11RHI: D3D11 adapters:
[2018.04.26-11.13.13:726][  0]LogD3D11RHI:    0. 'NVIDIA GeForce GTX 1070' (Feature Level 11_0)
[2018.04.26-11.13.13:726][  0]LogD3D11RHI:       8092/0/8172 MB DedicatedVideo/DedicatedSystem/SharedSystem, Outputs:1, VendorId:0x10de
[2018.04.26-11.13.13:728][  0]LogD3D11RHI:    1. 'Microsoft Basic Render Driver' (Feature Level 11_0)
[2018.04.26-11.13.13:728][  0]LogD3D11RHI:       0/0/8172 MB DedicatedVideo/DedicatedSystem/SharedSystem, Outputs:0, VendorId:0x1414
[2018.04.26-11.13.13:728][  0]LogD3D11RHI: Chosen D3D11 Adapter: 0
[2018.04.26-11.13.13:731][  0]LogD3D11RHI: Creating new Direct3DDevice
[2018.04.26-11.13.13:731][  0]LogD3D11RHI:     GPU DeviceId: 0x1b81 (for the marketing name, search the web for "GPU Device Id")
[2018.04.26-11.13.13:731][  0]LogWindows: EnumDisplayDevices:
[2018.04.26-11.13.13:732][  0]LogWindows:    0. 'NVIDIA GeForce GTX 1070' (P:1 D:1)
[2018.04.26-11.13.13:732][  0]LogWindows:    1. 'NVIDIA GeForce GTX 1070' (P:0 D:0)
[2018.04.26-11.13.13:732][  0]LogWindows:    2. 'NVIDIA GeForce GTX 1070' (P:0 D:0)
[2018.04.26-11.13.13:732][  0]LogWindows:    3. 'NVIDIA GeForce GTX 1070' (P:0 D:0)
[2018.04.26-11.13.13:732][  0]LogWindows: DebugString: FoundDriverCount:4 
[2018.04.26-11.13.13:732][  0]LogD3D11RHI:     Adapter Name: NVIDIA GeForce GTX 1070
[2018.04.26-11.13.13:732][  0]LogD3D11RHI:   Driver Version: 390.77 (internal:23.21.13.9077, unified:390.77)
[2018.04.26-11.13.13:732][  0]LogD3D11RHI:      Driver Date: 1-23-2018
[2018.04.26-11.13.13:732][  0]LogRHI: Texture pool is 5664 MB (70% of 8092 MB)
[2018.04.26-11.13.13:772][  0]LogD3D11RHI: [Aftermath] Aftermath enabled and primed
[2018.04.26-11.13.13:772][  0]LogD3D11RHI: [Aftermath] Aftermath enabled and primed
[2018.04.26-11.13.13:772][  0]LogD3D11RHI: Async texture creation enabled
[2018.04.26-11.13.13:791][  0]LogD3D11RHI: GPU Timing Frequency: 1000.000000 (Debug: 2 2)
[2018.04.26-11.13.13:792][  0]LogShaderCompilers: Guid format shader working directory is -19 characters bigger than the processId version (../../../../../../Users/Alex/Documents/Unreal Projects/MyProject/Intermediate/Shaders/WorkingDirectory/2508/).
[2018.04.26-11.13.13:792][  0]LogShaderCompilers: Cleaned the shader compiler working directory 'C:/Users/Alex/AppData/Local/Temp/UnrealShaderWorkingDir/6B026F08460803D72A8AA7B1C396DB86/'.
[2018.04.26-11.13.14:057][  0]LogTemp: Display: Loaded TP AllDesktopTargetPlatform
[2018.04.26-11.13.14:074][  0]LogTemp: Display: Loaded TP MacClientTargetPlatform
[2018.04.26-11.13.14:090][  0]LogTemp: Display: Loaded TP MacNoEditorTargetPlatform
[2018.04.26-11.13.14:107][  0]LogTemp: Display: Loaded TP MacServerTargetPlatform
[2018.04.26-11.13.14:124][  0]LogTemp: Display: Loaded TP MacTargetPlatform
[2018.04.26-11.13.14:141][  0]LogTemp: Display: Loaded TP WindowsClientTargetPlatform
[2018.04.26-11.13.14:158][  0]LogTemp: Display: Loaded TP WindowsNoEditorTargetPlatform
[2018.04.26-11.13.14:174][  0]LogTemp: Display: Loaded TP WindowsServerTargetPlatform
[2018.04.26-11.13.14:182][  0]LogTemp: Display: Loaded TP WindowsTargetPlatform
[2018.04.26-11.13.14:197][  0]LogTemp: Display: Loaded TP Android_ASTCTargetPlatform
[2018.04.26-11.13.14:211][  0]LogTemp: Display: Loaded TP Android_ATCTargetPlatform
[2018.04.26-11.13.14:225][  0]LogTemp: Display: Loaded TP Android_DXTTargetPlatform
[2018.04.26-11.13.14:240][  0]LogTemp: Display: Loaded TP Android_ETC1aTargetPlatform
[2018.04.26-11.13.14:254][  0]LogTemp: Display: Loaded TP Android_ETC1TargetPlatform
[2018.04.26-11.13.14:269][  0]LogTemp: Display: Loaded TP Android_ETC2TargetPlatform
[2018.04.26-11.13.14:298][  0]LogTemp: Display: Loaded TP Android_MultiTargetPlatform
[2018.04.26-11.13.14:298][  0]LogTemp: Display: Loaded TP Android_PVRTCTargetPlatform
[2018.04.26-11.13.14:313][  0]LogTemp: Display: Loaded TP AndroidTargetPlatform
[2018.04.26-11.13.14:315][  0]LogTemp: Display: Loaded TP HTML5TargetPlatform
[2018.04.26-11.13.14:355][  0]LogTemp: Display: Loaded TP IOSTargetPlatform
[2018.04.26-11.13.14:369][  0]LogTemp: Display: Loaded TP TVOSTargetPlatform
[2018.04.26-11.13.14:383][  0]LogTemp: Display: Loaded TP LinuxClientTargetPlatform
[2018.04.26-11.13.14:398][  0]LogTemp: Display: Loaded TP LinuxNoEditorTargetPlatform
[2018.04.26-11.13.14:412][  0]LogTemp: Display: Loaded TP LinuxServerTargetPlatform
[2018.04.26-11.13.14:427][  0]LogTemp: Display: Loaded TP LinuxTargetPlatform
[2018.04.26-11.13.14:427][  0]LogTargetPlatformManager: Display: Building Assets For Windows
[2018.04.26-11.13.14:566][  0]LogXGEController: Cannot use XGE Controller as Incredibuild is not installed on this machine.
[2018.04.26-11.13.14:566][  0]LogShaderCompilers: Cannot use XGE Shader Compiler as Incredibuild is not installed on this machine.
[2018.04.26-11.13.14:566][  0]LogShaderCompilers: Display: Using Local Shader Compiler.
[2018.04.26-11.13.15:462][  0]LogDerivedDataCache: Display: Max Cache Size: 512 MB
[2018.04.26-11.13.15:563][  0]LogDerivedDataCache: Loaded boot cache 0.10s 106MB C:/Users/Alex/AppData/Local/UnrealEngine/4.19/DerivedDataCache/Boot.ddc.
[2018.04.26-11.13.15:563][  0]LogDerivedDataCache: Display: Loaded Boot cache: C:/Users/Alex/AppData/Local/UnrealEngine/4.19/DerivedDataCache/Boot.ddc
[2018.04.26-11.13.15:564][  0]LogDerivedDataCache: FDerivedDataBackendGraph:  Pak pak cache file ../../../../../../Users/Alex/Documents/Unreal Projects/MyProject/DerivedDataCache/DDC.ddp not found, will not use a pak cache.
[2018.04.26-11.13.15:564][  0]LogDerivedDataCache: Unable to find inner node Pak for hierarchical cache Hierarchy.
[2018.04.26-11.13.15:564][  0]LogDerivedDataCache: FDerivedDataBackendGraph:  CompressedPak pak cache file ../../../../../../Users/Alex/Documents/Unreal Projects/MyProject/DerivedDataCache/Compressed.ddp not found, will not use a pak cache.
[2018.04.26-11.13.15:564][  0]LogDerivedDataCache: Unable to find inner node CompressedPak for hierarchical cache Hierarchy.
[2018.04.26-11.13.15:584][  0]LogDerivedDataCache: Display: Pak cache opened for reading ../../../Engine/DerivedDataCache/Compressed.ddp.
[2018.04.26-11.13.15:596][  0]LogDerivedDataCache: Using Local data cache path C:/Users/Alex/AppData/Local/UnrealEngine/Common/DerivedDataCache: Writable
[2018.04.26-11.13.15:611][  0]LogMaterial: Verifying Global Shaders for PCD3D_SM5
[2018.04.26-11.13.15:611][  0]LogSlate: Using Freetype 2.6.0
[2018.04.26-11.13.15:612][  0]LogSlate: SlateFontCache - WITH_FREETYPE: 1, WITH_HARFBUZZ: 1
[2018.04.26-11.13.15:612][  0]LogSlate: SlateFontCache - WITH_FREETYPE: 1, WITH_HARFBUZZ: 1
[2018.04.26-11.13.15:757][  0]LogAssetRegistry: FAssetRegistry took 0.0263 seconds to start up
[2018.04.26-11.13.16:161][  0]LogInit: Selected Device Profile: [Windows]
[2018.04.26-11.13.16:337][  0]LogSimplygon: Simplygon DLL not present - disabling.
[2018.04.26-11.13.16:341][  0]LogMeshReduction: Using SimplygonSwarm for distributed automatic mesh merging
[2018.04.26-11.13.16:341][  0]LogMeshReduction: Using QuadricMeshReduction for automatic static mesh reduction
[2018.04.26-11.13.16:341][  0]LogMeshReduction: No automatic skeletal mesh reduction module available
[2018.04.26-11.13.16:341][  0]LogMeshReduction: No automatic mesh merging module available
[2018.04.26-11.13.16:341][  0]LogMeshMerging: No automatic mesh merging module available
[2018.04.26-11.13.16:383][  0]LogNetVersion: MyProject , NetCL: 3944462, EngineNetVer: 2, GameNetVer: 0 (Checksum: 2475486345)
[2018.04.26-11.13.16:833][  0]LogPackageLocalizationCache: Processed 9 localized package path(s) for 1 prioritized culture(s) in 0.035602 seconds
[2018.04.26-11.13.16:839][  0]LogUObjectArray: 36728 objects as part of root set at end of initial load.
[2018.04.26-11.13.16:839][  0]LogUObjectAllocator: 7314312 out of 0 bytes used by permanent object pool.
[2018.04.26-11.13.16:839][  0]LogUObjectArray: CloseDisregardForGC: 0/0 objects in disregard for GC pool
[2018.04.26-11.13.18:664][  0]LogTcpMessaging: Initializing TcpMessaging bridge
[2018.04.26-11.13.18:700][  0]LogUdpMessaging: Initializing bridge on interface 0.0.0.0:0 to multicast group 230.0.0.1:6666.
[2018.04.26-11.13.19:230][  0]SourceControl: Source control is disabled
[2018.04.26-11.13.19:230][  0]SourceControl: Source control is disabled
[2018.04.26-11.13.19:255][  0]SourceControl: Source control is disabled
[2018.04.26-11.13.19:279][  0]SourceControl: Source control is disabled
[2018.04.26-11.13.19:900][  0]LogOnline: Display: STEAM: Loading Steam SDK 1.39
[2018.04.26-11.13.19:925][  0]LogAndroidPermission: UAndroidPermissionCallbackProxy::GetInstance
[2018.04.26-11.13.20:127][  0]LogOcInput: OculusInput pre-init called
[2018.04.26-11.13.20:332][  0]LogEngine: Initializing Engine...
[2018.04.26-11.13.20:333][  0]LogHMD: Oculus plugin initialized. Version: 4.19.1-3989454+++UE4+Release-4.19, OVRPlugin: 1.21.0
[2018.04.26-11.13.20:334][  0]LogStats: UGameplayTagsManager::ConstructGameplayTagTree: Construct from data asset -  0.000 s
[2018.04.26-11.13.20:334][  0]LogStats: UGameplayTagsManager::ConstructGameplayTagTree: GameplayTagTreeChangedEvent.Broadcast -  0.000 s
[2018.04.26-11.13.20:608][  0]LogAIModule: Creating AISystem for world Untitled
[2018.04.26-11.13.20:633][  0]LogInit: XAudio2 using 'Динамики (5- Устройство с поддержкой High Definition Audio)' : 2 channels at 44.1 kHz using 16 bits per sample (channel mask 0x3)
[2018.04.26-11.13.20:649][  0]LogInit: FAudioDevice initialized.
[2018.04.26-11.13.20:747][  0]LogDerivedDataCache: Saved boot cache 0.10s 92MB C:/Users/Alex/AppData/Local/UnrealEngine/4.19/DerivedDataCache/Boot.ddc.
[2018.04.26-11.13.20:766][  0]LogInit: Texture streaming: Enabled
[2018.04.26-11.13.20:787][  0]LogEngineSessionManager: EngineSessionManager initialized
[2018.04.26-11.13.20:800][  0]LogInit: Transaction tracking system initialized
[2018.04.26-11.13.20:829][  0]BlueprintLog: New page: Editor Load
[2018.04.26-11.13.20:916][  0]LocalizationService: Localization service is disabled
[2018.04.26-11.13.21:319][  0]LogConsoleResponse: Display: 
[2018.04.26-11.13.21:481][  0]LogCook: Display: Max memory allowance for cook 16384mb min free memory 0mb
[2018.04.26-11.13.21:482][  0]LogCook: Display: Mobile HDR setting 1
[2018.04.26-11.13.21:482][  0]LogGameplayTags: Display: UGameplayTagsManager::DoneAddingNativeTags. DelegateIsBound: 0
[2018.04.26-11.13.21:482][  0]LogStats: UGameplayTagsManager::ConstructGameplayTagTree: Construct from data asset -  0.000 s
[2018.04.26-11.13.21:482][  0]LogStats: UGameplayTagsManager::ConstructGameplayTagTree: GameplayTagTreeChangedEvent.Broadcast -  0.000 s
[2018.04.26-11.13.21:977][  0]LogFileCache: Scanning file cache for directory 'C:/Users/Alex/Documents/Unreal Projects/MyProject/Content/' took 0.01s
[2018.04.26-11.13.21:977][  0]SourceControl: Source control is disabled
[2018.04.26-11.13.21:977][  0]Cmd: MAP LOAD FILE="../../../../../../Users/Alex/Documents/Unreal Projects/MyProject/Content/VirtualRealityBP/Maps/StartupMap.umap" TEMPLATE=0 SHOWPROGRESS=1 FEATURELEVEL=3
[2018.04.26-11.13.21:977][  0]LightingResults: New page: Lighting Build
[2018.04.26-11.13.21:981][  0]MapCheck: New page: Map Check
[2018.04.26-11.13.21:981][  0]LightingResults: New page: Lighting Build
[2018.04.26-11.13.22:096][  0]LogSkeletalMesh: Skeletal Mesh found in DDC [1.900958ms] /Game/VirtualReality/Mannequin/Character/Mesh/MannequinHand_Right.MannequinHand_Right
[2018.04.26-11.13.22:098][  0]LogAIModule: Creating AISystem for world StartupMap
[2018.04.26-11.13.22:107][  0]LogEditorServer: Finished looking for orphan Actors (0.000 secs)
[2018.04.26-11.13.22:118][  0]Cmd: MAP CHECKDEP NOCLEARLOG
[2018.04.26-11.13.22:188][  0]MapCheck: Map check complete: 0 Error(s), 0 Warning(s), took 69,673ms to complete.
[2018.04.26-11.13.22:188][  0]LogFileHelpers: Loading map 'StartupMap' took 0.212
[2018.04.26-11.13.22:251][  0]LogWindowsTextInputMethodSystem: Display: IME system now deactivated.
[2018.04.26-11.13.22:354][  0]LogCollectionManager: Loaded 0 collections in 0.002427 seconds
[2018.04.26-11.13.22:396][  0]LogFileCache: Scanning file cache for directory 'C:/Users/Alex/Documents/Unreal Projects/MyProject/Saved/Collections/' took 0.01s
[2018.04.26-11.13.22:396][  0]LogFileCache: Scanning file cache for directory 'C:/Users/Alex/Documents/Unreal Projects/MyProject/Content/Developers/Alex/Collections/' took 0.01s
[2018.04.26-11.13.22:396][  0]LogFileCache: Scanning file cache for directory 'C:/Users/Alex/Documents/Unreal Projects/MyProject/Content/Collections/' took 0.01s
[2018.04.26-11.13.22:396][  0]LogCollectionManager: Rebuilt the GUID cache for 0 collections in 0.000000 seconds
[2018.04.26-11.13.22:410][  0]LogContentBrowser: Native class hierarchy populated in 0.0135 seconds. Added 2521 classes and 579 folders.
[2018.04.26-11.13.22:420][  0]LogContentBrowser: Native class hierarchy updated for 'WidgetCarousel' in 0.0010 seconds. Added 0 classes and 0 folders.
[2018.04.26-11.13.22:489][  0]LogContentBrowser: Native class hierarchy updated for 'AddContentDialog' in 0.0011 seconds. Added 0 classes and 0 folders.
[2018.04.26-11.13.22:511][  0]LogSlate: Took 0.000242 seconds to synchronously load lazily loaded font '../../../Engine/Content/Slate/Fonts/Roboto-Regular.ttf' (155K)
[2018.04.26-11.13.22:514][  0]LogSlate: Took 0.000267 seconds to synchronously load lazily loaded font '../../../Engine/Content/Slate/Fonts/Roboto-Bold.ttf' (160K)
[2018.04.26-11.13.22:519][  0]LogSlate: Took 0.000250 seconds to synchronously load lazily loaded font '../../../Engine/Content/Editor/Slate/Fonts/FontAwesome.ttf' (139K)
[2018.04.26-11.13.22:624][  0]LogRenderer: Reallocating scene render targets to support 1112x972 Format 26 NumSamples 1 (Frame:1).
[2018.04.26-11.13.22:740][  0]LogContentBrowser: Native class hierarchy updated for 'HierarchicalLODOutliner' in 0.0010 seconds. Added 0 classes and 0 folders.
[2018.04.26-11.13.22:740][  0]LogLoad: (Engine Initialization) Total time: 13.63 seconds
[2018.04.26-11.13.22:740][  0]LogLoad: (Engine Initialization) Total Blueprint compile time: 0.00 seconds
[2018.04.26-11.13.22:750][  0]LogOcInput: OculusInput is initialized
[2018.04.26-11.13.22:769][  0]LogContentStreaming: Texture pool size now 400 MB
[2018.04.26-11.13.22:850][  1]LogAssetRegistry: Asset discovery search completed in 7.1138 seconds
[2018.04.26-11.13.22:852][  1]LogCollectionManager: Rebuilt the object cache for 0 collections in 0.000001 seconds (found 0 objects)
[2018.04.26-11.13.22:852][  1]LogCollectionManager: Fixed up redirectors for 0 collections in 0.000051 seconds (updated 0 objects)
[2018.04.26-11.13.24:868][240]LogSlate: FSceneViewport::OnFocusLost() reason 0
[2018.04.26-11.13.24:968][251]LogSlate: Took 0.000243 seconds to synchronously load lazily loaded font '../../../Engine/Content/Slate/Fonts/Roboto-Light.ttf' (167K)
[2018.04.26-11.13.27:839][593]LogSlate: Took 0.000221 seconds to synchronously load lazily loaded font '../../../Engine/Content/Slate/Fonts/Roboto-Light.ttf' (167K)
[2018.04.26-11.13.28:122][593]LogAIModule: Creating AISystem for world MotionControllerMap
[2018.04.26-11.13.28:146][593]Cmd: MAP LOAD FILE="../../../../../../Users/Alex/Documents/Unreal Projects/MyProject/Content/VirtualRealityBP/Maps/MotionControllerMap.umap" TEMPLATE=0 SHOWPROGRESS=1 FEATURELEVEL=3
[2018.04.26-11.13.28:146][593]LightingResults: New page: Lighting Build
[2018.04.26-11.13.28:147][593]LoadErrors: New page: Loading map: MotionControllerMap.umap
[2018.04.26-11.13.28:147][593]MapCheck: New page: Map Check
[2018.04.26-11.13.28:148][593]LightingResults: New page: Lighting Build
[2018.04.26-11.13.28:166][593]LogEditorServer: Finished looking for orphan Actors (0.000 secs)
[2018.04.26-11.13.28:196][593]Cmd: MAP CHECKDEP NOCLEARLOG
[2018.04.26-11.13.28:268][593]MapCheck: Map check complete: 0 Error(s), 0 Warning(s), took 71,766ms to complete.
[2018.04.26-11.13.28:268][593]LogFileHelpers: Loading map 'MotionControllerMap' took 0.122
[2018.04.26-11.13.32:511][100]LogEditorViewport: Clicking on Actor (LMB): BP_Sky_Sphere_C (SkySphereBlueprint)
[2018.04.26-11.13.33:029][158]LogEditorViewport: Clicking on Actor (LMB): PostProcessVolume (PostProcessVolume)
[2018.04.26-11.13.34:310][301]LogSlate: FSceneViewport::OnFocusLost() reason 0
[2018.04.26-11.13.37:069][629]LogEditorViewport: Clicking on Actor (LMB): LightmassImportanceVolume (LightmassImportanceVolume)
[2018.04.26-11.13.39:869][960]LogEditorViewport: Clicking on Actor (LMB): PostProcessVolume (PostProcessVolume)
[2018.04.26-11.13.41:169][105]LogEditorViewport: Clicking on Actor (LMB): LightmassImportanceVolume (LightmassImportanceVolume)
[2018.04.26-11.13.44:116][454]LogSlate: FSceneViewport::OnFocusLost() reason 0
[2018.04.26-11.13.50:586][185]LogEditorViewport: Clicking on Actor (LMB): NavMeshBoundsVolume (NavMeshBoundsVolume)
[2018.04.26-11.13.53:864][570]LogEditorViewport: Clicking on Actor (LMB): PostProcessVolume (PostProcessVolume)
[2018.04.26-11.13.55:641][771]LogEditorViewport: Clicking on Actor (LMB): PostProcessVolume (PostProcessVolume)
[2018.04.26-11.13.58:417][ 96]LogSlate: FSceneViewport::OnFocusLost() reason 0
[2018.04.26-11.13.58:701][108]LogSavePackage: Save=153.27ms
[2018.04.26-11.13.58:702][108]LogSavePackage: Moving '../../../../../../Users/Alex/Documents/Unreal Projects/MyProject/Saved/MotionControllerMap527887184807AA00C8C0A7951D2D77A9.tmp' to '../../../../../../Users/Alex/Documents/Unreal Projects/MyProject/Content/VirtualRealityBP/Maps/MotionControllerMap.umap'
[2018.04.26-11.13.58:705][108]LogSavePackage: Display: Finished SavePackage ../../../../../../Users/Alex/Documents/Unreal Projects/MyProject/Content/VirtualRealityBP/Maps/MotionControllerMap.umap
[2018.04.26-11.13.58:938][108]LogSavePackage: Save=206.82ms
[2018.04.26-11.13.58:938][108]LogSavePackage: Moving '../../../../../../Users/Alex/Documents/Unreal Projects/MyProject/Saved/MotionControllerMap_BuiltData6DF74E454948242011388786A41A9B0C.tmp' to '../../../../../../Users/Alex/Documents/Unreal Projects/MyProject/Content/VirtualRealityBP/Maps/MotionControllerMap_BuiltData.uasset'
[2018.04.26-11.13.58:940][108]LogSavePackage: Display: Finished SavePackage ../../../../../../Users/Alex/Documents/Unreal Projects/MyProject/Content/VirtualRealityBP/Maps/MotionControllerMap_BuiltData.uasset
[2018.04.26-11.14.00:771][326]LogTemp: Repeating last play command: VR Preview
[2018.04.26-11.14.00:782][326]LogBlueprintUserMessages: Early PlayInEditor Detection: Level '/Game/VirtualRealityBP/Maps/MotionControllerMap.MotionControllerMap:PersistentLevel' has LevelScriptBlueprint '/Game/VirtualRealityBP/Maps/MotionControllerMap.MotionControllerMap:PersistentLevel.MotionControllerMap' with GeneratedClass '/Game/VirtualRealityBP/Maps/MotionControllerMap.MotionControllerMap_C' with ClassGeneratedBy '/Game/VirtualRealityBP/Maps/MotionControllerMap.MotionControllerMap:PersistentLevel.MotionControllerMap'
[2018.04.26-11.14.00:782][326]LogPlayLevel: PlayLevel: No blueprints needed recompiling
[2018.04.26-11.14.00:782][326]LogHMD: Initializing OVRPlugin session
[2018.04.26-11.14.00:843][326]PIE: New page: PIE session: MotionControllerMap (26 апр. 2018 г., 17:14:00)
[2018.04.26-11.14.00:843][326]LogPlayLevel: Creating play world package: /Game/VirtualRealityBP/Maps/UEDPIE_0_MotionControllerMap
[2018.04.26-11.14.00:853][326]LogPlayLevel: PIE: StaticDuplicateObject took: (0.010231s)
[2018.04.26-11.14.00:854][326]LogAIModule: Creating AISystem for world MotionControllerMap
[2018.04.26-11.14.00:854][326]LogPlayLevel: PIE: World Init took: (0.000754s)
[2018.04.26-11.14.00:854][326]LogPlayLevel: PIE: Created PIE world by copying editor world from /Game/VirtualRealityBP/Maps/MotionControllerMap.MotionControllerMap to /Game/VirtualRealityBP/Maps/UEDPIE_0_MotionControllerMap.MotionControllerMap (0.011169s)
[2018.04.26-11.14.00:881][326]LogInit: XAudio2 using 'Наушники (Rift Audio)' : 2 channels at 48 kHz using 16 bits per sample (channel mask 0x3)
[2018.04.26-11.14.00:892][326]LogInit: FAudioDevice initialized.
[2018.04.26-11.14.00:968][326]LogHMD: Allocating Oculus 2720 x 1600 rendertarget swapchain
[2018.04.26-11.14.01:006][326]LogUObjectGlobals: Warning: Failed to find object 'Class None.'
[2018.04.26-11.14.01:007][326]LogLoad: Game class is 'GameModeBase'
[2018.04.26-11.14.01:011][326]LogWorld: Bringing World /Game/VirtualRealityBP/Maps/UEDPIE_0_MotionControllerMap.MotionControllerMap up for play (max tick rate 0) at 2018.04.26-14.14.01
[2018.04.26-11.14.01:011][326]LogWorld: Bringing up level for play took: 0.002801
[2018.04.26-11.14.01:016][326]LogContentBrowser: Native class hierarchy updated for 'MovieSceneCapture' in 0.0010 seconds. Added 11 classes and 0 folders.
[2018.04.26-11.14.01:022][326]PIE: Play in editor start time for /Game/VirtualRealityBP/Maps/UEDPIE_0_MotionControllerMap 0,91
[2018.04.26-11.14.01:022][326]LogBlueprintUserMessages: Late PlayInEditor Detection: Level '/Game/VirtualRealityBP/Maps/MotionControllerMap.MotionControllerMap:PersistentLevel' has LevelScriptBlueprint '/Game/VirtualRealityBP/Maps/MotionControllerMap.MotionControllerMap:PersistentLevel.MotionControllerMap' with GeneratedClass '/Game/VirtualRealityBP/Maps/MotionControllerMap.MotionControllerMap_C' with ClassGeneratedBy '/Game/VirtualRealityBP/Maps/MotionControllerMap.MotionControllerMap:PersistentLevel.MotionControllerMap'
[2018.04.26-11.14.01:023][326]LogEngine: Changing dynamic resolution state.
[2018.04.26-11.14.01:042][326]LogRenderer: Reallocating scene render targets to support 1360x972 Format 26 NumSamples 1 (Frame:1).
[2018.04.26-11.14.01:064][330]LogRenderer: Reallocating scene render targets to support 1360x800 Format 26 NumSamples 1 (Frame:3).
[2018.04.26-11.14.03:078][590]LogBlueprintUserMessages: Early EndPlayMap Detection: Level '/Game/VirtualRealityBP/Maps/MotionControllerMap.MotionControllerMap:PersistentLevel' has LevelScriptBlueprint '/Game/VirtualRealityBP/Maps/MotionControllerMap.MotionControllerMap:PersistentLevel.MotionControllerMap' with GeneratedClass '/Game/VirtualRealityBP/Maps/MotionControllerMap.MotionControllerMap_C' with ClassGeneratedBy '/Game/VirtualRealityBP/Maps/MotionControllerMap.MotionControllerMap:PersistentLevel.MotionControllerMap'
[2018.04.26-11.14.03:200][590]LogSlate: Window 'MyProject Game Preview Standalone (64-bit/PCD3D_SM5)' being destroyed
[2018.04.26-11.14.03:232][590]LogBlueprintUserMessages: Late EndPlayMap Detection: Level '/Game/VirtualRealityBP/Maps/MotionControllerMap.MotionControllerMap:PersistentLevel' has LevelScriptBlueprint '/Game/VirtualRealityBP/Maps/MotionControllerMap.MotionControllerMap:PersistentLevel.MotionControllerMap' with GeneratedClass '/Game/VirtualRealityBP/Maps/MotionControllerMap.MotionControllerMap_C' with ClassGeneratedBy '/Game/VirtualRealityBP/Maps/MotionControllerMap.MotionControllerMap:PersistentLevel.MotionControllerMap'
[2018.04.26-11.14.03:288][591]LogEngine: Changing dynamic resolution state.
[2018.04.26-11.14.03:297][592]LogRenderer: Reallocating scene render targets to support 1360x972 Format 26 NumSamples 1 (Frame:3770).
[2018.04.26-11.14.21:400][671]LogGameplayTags: Warning: Invalid GameplayTag GripType.OnTrigger found while loading property /Game/VRExpansion/Vive/Vive_PawnCharacter.Vive_PawnCharacter_C:DefaultGripTag.
[2018.04.26-11.14.21:400][671]LogGameplayTags: Warning: Invalid GameplayTag DropType.OnTriggerRelease found while loading property /Game/VRExpansion/Vive/Vive_PawnCharacter.Vive_PawnCharacter_C:DefaultDropTag.
[2018.04.26-11.14.21:401][671]LogGameplayTags: Warning: Invalid GameplayTag DropType.Secondary.OnSideGrip found while loading property /Game/VRExpansion/Vive/Vive_PawnCharacter.Vive_PawnCharacter_C:DefaultSecondaryDropTag.
[2018.04.26-11.14.21:401][671]LogGameplayTags: Warning: Invalid GameplayTag GripType.Secondary.OnTrigger found while loading property /Game/VRExpansion/Vive/Vive_PawnCharacter.Vive_PawnCharacter_C:DefaultSecondaryGripTag.
[2018.04.26-11.14.21:401][671]LogGameplayTags: Warning: Invalid GameplayTag UseType.OnTrigger found while loading property /Game/VRExpansion/Vive/Vive_PawnCharacter.Vive_PawnCharacter_C:DefaultUseTag.
[2018.04.26-11.14.21:401][671]LogGameplayTags: Warning: Invalid GameplayTag UseType.EndUse.OnTriggerRelease found while loading property /Game/VRExpansion/Vive/Vive_PawnCharacter.Vive_PawnCharacter_C:DefaultEndUseTag.
[2018.04.26-11.14.21:907][671]LogBlueprint: Warning: [Compiler Vive_PawnCharacter] InputAction Event references unknown Action 'SideGripPressedR' for  InputAction SideGripPressedR
[2018.04.26-11.14.21:908][671]LogBlueprint: Warning: [Compiler Vive_PawnCharacter] InputAction Event references unknown Action 'SideGripPressedL' for  InputAction SideGripPressedL
[2018.04.26-11.14.21:910][671]LogBlueprint: Warning: [Compiler Vive_PawnCharacter] Input Axis Event references unknown Axis 'ControllerMovementRight' for  InputAxis ControllerMovementRight
[2018.04.26-11.14.21:911][671]LogBlueprint: Warning: [Compiler Vive_PawnCharacter] Input Axis Event references unknown Axis 'ControllerMovementLeft' for  InputAxis ControllerMovementLeft
[2018.04.26-11.14.22:055][671]LogBlueprint: Warning: [Compiler Vive_PawnCharacter] [0072,94] Compile of Vive_PawnCharacter successful, but with 4 Warning(s) [in 239 ms] (/Game/VRExpansion/Vive/Vive_PawnCharacter.Vive_PawnCharacter)
[2018.04.26-11.14.24:752][865]LogSlate: FSceneViewport::OnFocusLost() reason 0
[2018.04.26-11.14.25:418][937]LogSlate: Took 0.000252 seconds to synchronously load lazily loaded font '../../../Engine/Content/Slate/Fonts/Roboto-Italic.ttf' (157K)
[2018.04.26-11.14.32:163][691]LogSavePackage: Save=179.63ms
[2018.04.26-11.14.32:164][691]LogSavePackage: Moving '../../../../../../Users/Alex/Documents/Unreal Projects/MyProject/Saved/MotionControllerMap0926CED74E8538AFC1F95CA2560A33A0.tmp' to '../../../../../../Users/Alex/Documents/Unreal Projects/MyProject/Content/VirtualRealityBP/Maps/MotionControllerMap.umap'
[2018.04.26-11.14.32:167][691]LogSavePackage: Display: Finished SavePackage ../../../../../../Users/Alex/Documents/Unreal Projects/MyProject/Content/VirtualRealityBP/Maps/MotionControllerMap.umap
[2018.04.26-11.14.32:337][691]LogSavePackage: Save=145.91ms
[2018.04.26-11.14.32:337][691]LogSavePackage: Moving '../../../../../../Users/Alex/Documents/Unreal Projects/MyProject/Saved/MotionControllerMap_BuiltData505A8CAB4038968BF9FCA99449347EA0.tmp' to '../../../../../../Users/Alex/Documents/Unreal Projects/MyProject/Content/VirtualRealityBP/Maps/MotionControllerMap_BuiltData.uasset'
[2018.04.26-11.14.32:339][691]LogSavePackage: Display: Finished SavePackage ../../../../../../Users/Alex/Documents/Unreal Projects/MyProject/Content/VirtualRealityBP/Maps/MotionControllerMap_BuiltData.uasset
[2018.04.26-11.14.33:874][873]LogTemp: Repeating last play command: VR Preview
[2018.04.26-11.14.33:886][873]LogBlueprintUserMessages: Early PlayInEditor Detection: Level '/Game/VirtualRealityBP/Maps/MotionControllerMap.MotionControllerMap:PersistentLevel' has LevelScriptBlueprint '/Game/VirtualRealityBP/Maps/MotionControllerMap.MotionControllerMap:PersistentLevel.MotionControllerMap' with GeneratedClass '/Game/VirtualRealityBP/Maps/MotionControllerMap.MotionControllerMap_C' with ClassGeneratedBy '/Game/VirtualRealityBP/Maps/MotionControllerMap.MotionControllerMap:PersistentLevel.MotionControllerMap'
[2018.04.26-11.14.33:886][873]LogPlayLevel: PlayLevel: No blueprints needed recompiling
[2018.04.26-11.14.33:886][873]LogHMD: Initializing OVRPlugin session
[2018.04.26-11.14.33:938][873]PIE: New page: PIE session: MotionControllerMap (26 апр. 2018 г., 17:14:33)
[2018.04.26-11.14.33:938][873]LogPlayLevel: Creating play world package: /Game/VirtualRealityBP/Maps/UEDPIE_0_MotionControllerMap
[2018.04.26-11.14.33:949][873]LogPlayLevel: PIE: StaticDuplicateObject took: (0.011038s)
[2018.04.26-11.14.33:950][873]LogAIModule: Creating AISystem for world MotionControllerMap
[2018.04.26-11.14.33:950][873]LogPlayLevel: PIE: World Init took: (0.000692s)
[2018.04.26-11.14.33:950][873]LogPlayLevel: PIE: Created PIE world by copying editor world from /Game/VirtualRealityBP/Maps/MotionControllerMap.MotionControllerMap to /Game/VirtualRealityBP/Maps/UEDPIE_0_MotionControllerMap.MotionControllerMap (0.011906s)
[2018.04.26-11.14.34:002][873]LogInit: XAudio2 using 'Наушники (Rift Audio)' : 2 channels at 48 kHz using 16 bits per sample (channel mask 0x3)
[2018.04.26-11.14.34:012][873]LogInit: FAudioDevice initialized.
[2018.04.26-11.14.34:093][873]LogHMD: Allocating Oculus 2720 x 1600 rendertarget swapchain
[2018.04.26-11.14.34:121][873]LogUObjectGlobals: Warning: Failed to find object 'Class None.'
[2018.04.26-11.14.34:121][873]LogLoad: Game class is 'GameModeBase'
[2018.04.26-11.14.34:125][873]LogWorld: Bringing World /Game/VirtualRealityBP/Maps/UEDPIE_0_MotionControllerMap.MotionControllerMap up for play (max tick rate 0) at 2018.04.26-14.14.34
[2018.04.26-11.14.34:125][873]LogWorld: Bringing up level for play took: 0.003641
[2018.04.26-11.14.34:127][873]LogHMD: SetSpectatorScreenMode(5).
[2018.04.26-11.14.34:132][873]PIE: Play in editor start time for /Game/VirtualRealityBP/Maps/UEDPIE_0_MotionControllerMap 0,02
[2018.04.26-11.14.34:133][873]LogBlueprintUserMessages: Late PlayInEditor Detection: Level '/Game/VirtualRealityBP/Maps/MotionControllerMap.MotionControllerMap:PersistentLevel' has LevelScriptBlueprint '/Game/VirtualRealityBP/Maps/MotionControllerMap.MotionControllerMap:PersistentLevel.MotionControllerMap' with GeneratedClass '/Game/VirtualRealityBP/Maps/MotionControllerMap.MotionControllerMap_C' with ClassGeneratedBy '/Game/VirtualRealityBP/Maps/MotionControllerMap.MotionControllerMap:PersistentLevel.MotionControllerMap'
[2018.04.26-11.14.34:133][873]LogEngine: Changing dynamic resolution state.
[2018.04.26-11.14.34:158][874]LogSlate: New Slate User Created.  User Index 8, Is Virtual User: 1
[2018.04.26-11.14.34:158][874]LogSlate: Slate User Registered.  User Index 8, Is Virtual User: 1
[2018.04.26-11.14.34:159][874]OpenVRExpansionFunctionLibraryLog: Warning: VRSystem InterfaceErrorCode 109
[2018.04.26-11.14.34:159][874]OpenVRExpansionFunctionLibraryLog: Warning: Render Models InterfaceErrorCode 109
[2018.04.26-11.14.34:159][874]OpenVRExpansionFunctionLibraryLog: Warning: Couldn't Get Interfaces!!
[2018.04.26-11.14.34:166][877]LogRenderer: Reallocating scene render targets to support 1360x800 Format 26 NumSamples 1 (Frame:3).
[2018.04.26-11.15.13:394][541]LogBlueprintUserMessages: Early EndPlayMap Detection: Level '/Game/VirtualRealityBP/Maps/MotionControllerMap.MotionControllerMap:PersistentLevel' has LevelScriptBlueprint '/Game/VirtualRealityBP/Maps/MotionControllerMap.MotionControllerMap:PersistentLevel.MotionControllerMap' with GeneratedClass '/Game/VirtualRealityBP/Maps/MotionControllerMap.MotionControllerMap_C' with ClassGeneratedBy '/Game/VirtualRealityBP/Maps/MotionControllerMap.MotionControllerMap:PersistentLevel.MotionControllerMap'
[2018.04.26-11.15.13:475][541]LogSlate: Window 'MyProject Game Preview Standalone (64-bit/PCD3D_SM5)' being destroyed
[2018.04.26-11.15.13:507][541]LogBlueprintUserMessages: Late EndPlayMap Detection: Level '/Game/VirtualRealityBP/Maps/MotionControllerMap.MotionControllerMap:PersistentLevel' has LevelScriptBlueprint '/Game/VirtualRealityBP/Maps/MotionControllerMap.MotionControllerMap:PersistentLevel.MotionControllerMap' with GeneratedClass '/Game/VirtualRealityBP/Maps/MotionControllerMap.MotionControllerMap_C' with ClassGeneratedBy '/Game/VirtualRealityBP/Maps/MotionControllerMap.MotionControllerMap:PersistentLevel.MotionControllerMap'
[2018.04.26-11.15.13:525][541]LogSlate: Slate User Unregistered.  User Index 8
[2018.04.26-11.15.13:525][541]LogSlate: Slate User Destroyed.  User Index 8, Is Virtual User: 1
[2018.04.26-11.15.13:532][542]LogEngine: Changing dynamic resolution state.
[2018.04.26-11.15.13:536][543]LogRenderer: Reallocating scene render targets to support 1360x972 Format 26 NumSamples 1 (Frame:6835).
[2018.04.26-11.15.37:238][369]LogSlate: Window 'MyProject - Unreal Editor' being destroyed
[2018.04.26-11.15.37:239][369]LogWindowsTextInputMethodSystem: Display: IME system now deactivated.
[2018.04.26-11.15.37:465][370]Cmd: QUIT_EDITOR
[2018.04.26-11.15.38:026][370]LogSlate: Slate User Destroyed.  User Index 0, Is Virtual User: 0
[2018.04.26-11.15.38:026][370]LogExit: Preparing to exit.
[2018.04.26-11.15.38:766][370]LogDirectoryWatcher: A directory notification for 'C:/Users/Alex/Documents/Unreal Projects/MyProject/Content/' was aborted.
[2018.04.26-11.15.38:788][370]LogExit: Editor shut down
[2018.04.26-11.15.38:793][370]LogExit: Transaction tracking system shut down
[2018.04.26-11.15.38:961][370]LogDirectoryWatcher: A directory notification for '../../../Engine/Content/' was aborted.
[2018.04.26-11.15.38:961][370]LogDirectoryWatcher: A directory notification for '../../../../../../Users/Alex/Documents/Unreal Projects/MyProject/Content/' was aborted.
[2018.04.26-11.15.38:961][370]LogDirectoryWatcher: A directory notification for '../../Plugins/2D/Paper2D/Content/' was aborted.
[2018.04.26-11.15.38:961][370]LogDirectoryWatcher: A directory notification for '../../Plugins/Enterprise/DatasmithContent/Content/' was aborted.
[2018.04.26-11.15.38:961][370]LogDirectoryWatcher: A directory notification for '../../Plugins/Media/MediaCompositing/Content/' was aborted.
[2018.04.26-11.15.38:961][370]LogDirectoryWatcher: A directory notification for '../../Plugins/Runtime/AppleARKit/Content/' was aborted.
[2018.04.26-11.15.38:961][370]LogDirectoryWatcher: A directory notification for '../../Plugins/Runtime/Oculus/OculusVR/Content/' was aborted.
[2018.04.26-11.15.38:961][370]LogDirectoryWatcher: A directory notification for '../../Plugins/Runtime/Steam/SteamVR/Content/' was aborted.
[2018.04.26-11.15.39:023][370]LogExit: Object subsystem successfully closed.
[2018.04.26-11.15.39:037][370]LogShaderCompilers: Display: Shaders left to compile 0
[2018.04.26-11.15.39:040][370]LogD3D11RHI: Shutdown
[2018.04.26-11.15.39:040][370]LogD3D11RHI: CleanupD3DDevice
[2018.04.26-11.15.39:043][370]LogD3D11RHI: ~FD3D11DynamicRHI
[2018.04.26-11.15.39:070][370]LogModuleManager: Shutting down and abandoning module MovieSceneCapture (588)
[2018.04.26-11.15.39:071][370]LogModuleManager: Shutting down and abandoning module HierarchicalLODOutliner (586)
[2018.04.26-11.15.39:071][370]LogModuleManager: Shutting down and abandoning module DesktopPlatform (584)
[2018.04.26-11.15.39:071][370]LogModuleManager: Shutting down and abandoning module AddContentDialog (582)
[2018.04.26-11.15.39:071][370]LogDirectoryWatcher: A directory notification for 'C:/Program Files/Epic Games/UE_4.19/FeaturePacks/' was aborted.
[2018.04.26-11.15.39:073][370]LogModuleManager: Shutting down and abandoning module WidgetCarousel (581)
[2018.04.26-11.15.39:073][370]LogModuleManager: Shutting down and abandoning module EditorWidgets (578)
[2018.04.26-11.15.39:073][370]LogModuleManager: Shutting down and abandoning module CollectionManager (576)
[2018.04.26-11.15.39:073][370]LogDirectoryWatcher: A directory notification for 'C:/Users/Alex/Documents/Unreal Projects/MyProject/Content/Collections/' was aborted.
[2018.04.26-11.15.39:073][370]LogDirectoryWatcher: A directory notification for 'C:/Users/Alex/Documents/Unreal Projects/MyProject/Content/Developers/Alex/Collections/' was aborted.
[2018.04.26-11.15.39:073][370]LogDirectoryWatcher: A directory notification for 'C:/Users/Alex/Documents/Unreal Projects/MyProject/Saved/Collections/' was aborted.
[2018.04.26-11.15.39:073][370]LogModuleManager: Shutting down and abandoning module SceneOutliner (574)
[2018.04.26-11.15.39:073][370]LogModuleManager: Shutting down and abandoning module StatsViewer (572)
[2018.04.26-11.15.39:073][370]LogModuleManager: Shutting down and abandoning module FoliageEdit (570)
[2018.04.26-11.15.39:073][370]LogModuleManager: Shutting down and abandoning module LandscapeEditor (568)
[2018.04.26-11.15.39:074][370]LogModuleManager: Shutting down and abandoning module MeshPaintMode (566)
[2018.04.26-11.15.39:074][370]LogModuleManager: Shutting down and abandoning module SceneDepthPickerMode (564)
[2018.04.26-11.15.39:074][370]LogModuleManager: Shutting down and abandoning module ActorPickerMode (562)
[2018.04.26-11.15.39:074][370]LogModuleManager: Shutting down and abandoning module GeometryMode (560)
[2018.04.26-11.15.39:074][370]LogModuleManager: Shutting down and abandoning module TextureAlignMode (558)
[2018.04.26-11.15.39:074][370]LogModuleManager: Shutting down and abandoning module BspMode (556)
[2018.04.26-11.15.39:074][370]LogModuleManager: Shutting down and abandoning module PIEPreviewDeviceProfileSelector (554)
[2018.04.26-11.15.39:074][370]LogModuleManager: Shutting down and abandoning module HardwareSurvey (552)
[2018.04.26-11.15.39:074][370]LogModuleManager: Shutting down and abandoning module SequenceRecorderSections (550)
[2018.04.26-11.15.39:074][370]LogModuleManager: Shutting down and abandoning module AutomationWorker (548)
[2018.04.26-11.15.39:074][370]LogModuleManager: Shutting down and abandoning module AudioCaptureEditor (546)
[2018.04.26-11.15.39:074][370]LogModuleManager: Shutting down and abandoning module SequenceRecorder (545)
[2018.04.26-11.15.39:074][370]LogModuleManager: Shutting down and abandoning module MatineeToLevelSequence (542)
[2018.04.26-11.15.39:074][370]LogModuleManager: Shutting down and abandoning module LevelSequenceEditor (540)
[2018.04.26-11.15.39:074][370]LogModuleManager: Shutting down and abandoning module PlacementMode (539)
[2018.04.26-11.15.39:074][370]LogModuleManager: Shutting down and abandoning module MaterialEditor (538)
[2018.04.26-11.15.39:074][370]LogModuleManager: Shutting down and abandoning module WmfMediaFactory (534)
[2018.04.26-11.15.39:074][370]LogModuleManager: Shutting down and abandoning module WmfMediaEditor (532)
[2018.04.26-11.15.39:074][370]LogModuleManager: Shutting down and abandoning module MediaPlayerEditor (530)
[2018.04.26-11.15.39:074][370]LogModuleManager: Shutting down and abandoning module OpenExrWrapper (528)
[2018.04.26-11.15.39:074][370]LogModuleManager: Shutting down and abandoning module ImgMediaFactory (526)
[2018.04.26-11.15.39:074][370]LogModuleManager: Shutting down and abandoning module ImgMediaEditor (524)
[2018.04.26-11.15.39:074][370]LogModuleManager: Shutting down and abandoning module AvfMediaFactory (522)
[2018.04.26-11.15.39:074][370]LogModuleManager: Shutting down and abandoning module AvfMediaEditor (520)
[2018.04.26-11.15.39:074][370]LogModuleManager: Shutting down and abandoning module AndroidMediaFactory (518)
[2018.04.26-11.15.39:074][370]LogModuleManager: Shutting down and abandoning module AndroidMediaEditor (516)
[2018.04.26-11.15.39:074][370]LogModuleManager: Shutting down and abandoning module CharacterAI (514)
[2018.04.26-11.15.39:074][370]LogModuleManager: Shutting down and abandoning module SmartSnapping (512)
[2018.04.26-11.15.39:074][370]LogModuleManager: Shutting down and abandoning module SessionServices (510)
[2018.04.26-11.15.39:074][370]LogModuleManager: Shutting down and abandoning module ViewportSnapping (508)
[2018.04.26-11.15.39:074][370]LogModuleManager: Shutting down and abandoning module ViewportInteraction (506)
[2018.04.26-11.15.39:074][370]LogModuleManager: Shutting down and abandoning module ClothPainter (504)
[2018.04.26-11.15.39:075][370]LogModuleManager: Shutting down and abandoning module SkeletalMeshEditor (503)
[2018.04.26-11.15.39:075][370]LogModuleManager: Shutting down and abandoning module LogVisualizer (500)
[2018.04.26-11.15.39:075][370]LogModuleManager: Shutting down and abandoning module IntroTutorials (498)
[2018.04.26-11.15.39:075][370]LogModuleManager: Shutting down and abandoning module GameProjectGeneration (497)
[2018.04.26-11.15.39:075][370]LogModuleManager: Shutting down and abandoning module IOSPlatformEditor (494)
[2018.04.26-11.15.39:075][370]LogModuleManager: Shutting down and abandoning module HTML5PlatformEditor (492)
[2018.04.26-11.15.39:075][370]LogModuleManager: Shutting down and abandoning module AndroidPlatformEditor (490)
[2018.04.26-11.15.39:075][370]LogModuleManager: Shutting down and abandoning module AndroidDeviceDetection (489)
[2018.04.26-11.15.40:031][370]LogModuleManager: Shutting down and abandoning module WindowsPlatformEditor (486)
[2018.04.26-11.15.40:031][370]LogModuleManager: Shutting down and abandoning module IOSRuntimeSettings (484)
[2018.04.26-11.15.40:031][370]LogModuleManager: Shutting down and abandoning module AndroidRuntimeSettings (482)
[2018.04.26-11.15.40:031][370]LogModuleManager: Shutting down and abandoning module InputBindingEditor (480)
[2018.04.26-11.15.40:031][370]LogModuleManager: Shutting down and abandoning module MergeActors (478)
[2018.04.26-11.15.40:031][370]LogModuleManager: Shutting down and abandoning module LocalizationDashboard (476)
[2018.04.26-11.15.40:031][370]LogModuleManager: Shutting down and abandoning module LocalizationService (475)
[2018.04.26-11.15.40:031][370]LogModuleManager: Shutting down and abandoning module HardwareTargeting (472)
[2018.04.26-11.15.40:031][370]LogModuleManager: Shutting down and abandoning module DeviceProfileEditor (470)
[2018.04.26-11.15.40:032][370]LogModuleManager: Shutting down and abandoning module UndoHistory (468)
[2018.04.26-11.15.40:032][370]LogModuleManager: Shutting down and abandoning module XmlParser (466)
[2018.04.26-11.15.40:032][370]LogModuleManager: Shutting down and abandoning module Blutility (464)
[2018.04.26-11.15.40:032][370]LogModuleManager: Shutting down and abandoning module ProjectSettingsViewer (462)
[2018.04.26-11.15.40:032][370]LogModuleManager: Shutting down and abandoning module ProjectTargetPlatformEditor (461)
[2018.04.26-11.15.40:032][370]LogModuleManager: Shutting down and abandoning module EditorSettingsViewer (458)
[2018.04.26-11.15.40:032][370]LogModuleManager: Shutting down and abandoning module SettingsEditor (456)
[2018.04.26-11.15.40:032][370]LogModuleManager: Shutting down and abandoning module ProjectLauncher (454)
[2018.04.26-11.15.40:032][370]LogModuleManager: Shutting down and abandoning module SessionFrontend (452)
[2018.04.26-11.15.40:032][370]LogModuleManager: Shutting down and abandoning module ProfilerClient (450)
[2018.04.26-11.15.40:032][370]LogModuleManager: Shutting down and abandoning module DeviceManager (448)
[2018.04.26-11.15.40:032][370]LogModuleManager: Shutting down and abandoning module TargetDeviceServices (447)
[2018.04.26-11.15.40:087][370]LogModuleManager: Shutting down and abandoning module AutomationController (444)
[2018.04.26-11.15.40:087][370]LogModuleManager: Shutting down and abandoning module AutomationWindow (442)
[2018.04.26-11.15.40:087][370]LogModuleManager: Shutting down and abandoning module Layers (440)
[2018.04.26-11.15.40:087][370]LogModuleManager: Shutting down and abandoning module ComponentVisualizers (438)
[2018.04.26-11.15.40:087][370]LogModuleManager: Shutting down and abandoning module DetailCustomizations (436)
[2018.04.26-11.15.40:087][370]LogModuleManager: Shutting down and abandoning module PackagesDialog (434)
[2018.04.26-11.15.40:087][370]LogModuleManager: Shutting down and abandoning module Persona (432)
[2018.04.26-11.15.40:087][370]LogModuleManager: Shutting down and abandoning module AdvancedPreviewScene (431)
[2018.04.26-11.15.40:087][370]LogModuleManager: Shutting down and abandoning module AnimGraph (429)
[2018.04.26-11.15.40:087][370]LogModuleManager: Shutting down and abandoning module Kismet (426)
[2018.04.26-11.15.40:089][370]LogModuleManager: Shutting down and abandoning module GraphEditor (424)
[2018.04.26-11.15.40:089][370]LogModuleManager: Shutting down and abandoning module ClassViewer (422)
[2018.04.26-11.15.40:089][370]LogModuleManager: Shutting down and abandoning module Toolbox (420)
[2018.04.26-11.15.40:089][370]LogModuleManager: Shutting down and abandoning module ModuleUI (418)
[2018.04.26-11.15.40:089][370]LogModuleManager: Shutting down and abandoning module MovieSceneTools (416)
[2018.04.26-11.15.40:089][370]LogModuleManager: Shutting down and abandoning module OutputLog (414)
[2018.04.26-11.15.40:089][370]LogModuleManager: Shutting down and abandoning module GammaUI (412)
[2018.04.26-11.15.40:089][370]LogModuleManager: Shutting down and abandoning module Documentation (410)
[2018.04.26-11.15.40:089][370]LogModuleManager: Shutting down and abandoning module MovieSceneTracks (408)
[2018.04.26-11.15.40:089][370]LogModuleManager: Shutting down and abandoning module MovieScene (406)
[2018.04.26-11.15.40:089][370]LogModuleManager: Shutting down and abandoning module StreamingPauseRendering (404)
[2018.04.26-11.15.40:089][370]LogModuleManager: Shutting down and abandoning module LauncherPlatform (402)
[2018.04.26-11.15.40:089][370]LogModuleManager: Shutting down and abandoning module AnalyticsET (400)
[2018.04.26-11.15.40:089][370]LogModuleManager: Shutting down and abandoning module PortalServices (398)
[2018.04.26-11.15.40:089][370]LogModuleManager: Shutting down and abandoning module PortalRpc (396)
[2018.04.26-11.15.40:089][370]LogModuleManager: Shutting down and abandoning module MessagingRpc (394)
[2018.04.26-11.15.40:089][370]LogModuleManager: Shutting down and abandoning module AIModule (392)
[2018.04.26-11.15.40:089][370]LogModuleManager: Shutting down and abandoning module GameplayDebugger (391)
[2018.04.26-11.15.40:089][370]LogModuleManager: Shutting down and abandoning module AITestSuite (389)
[2018.04.26-11.15.40:089][370]LogModuleManager: Shutting down and abandoning module ProfilerService (386)
[2018.04.26-11.15.40:168][370]LogModuleManager: Shutting down and abandoning module TaskGraph (384)
[2018.04.26-11.15.40:168][370]LogModuleManager: Shutting down and abandoning module VRExpansionPlugin (382)
[2018.04.26-11.15.40:168][370]LogModuleManager: Shutting down and abandoning module OpenVRExpansionPlugin (380)
[2018.04.26-11.15.40:168][370]LogModuleManager: Shutting down and abandoning module SteamVRController (378)
[2018.04.26-11.15.40:168][370]LogModuleManager: Shutting down and abandoning module ProceduralMeshComponentEditor (376)
[2018.04.26-11.15.40:168][370]LogModuleManager: Shutting down and abandoning module ProceduralMeshComponent (374)
[2018.04.26-11.15.40:168][370]LogModuleManager: Shutting down and abandoning module OculusInput (372)
[2018.04.26-11.15.40:168][370]LogModuleManager: Shutting down and abandoning module MobilePatchingUtils (370)
[2018.04.26-11.15.40:168][370]LogModuleManager: Shutting down and abandoning module CustomMeshComponent (368)
[2018.04.26-11.15.40:168][370]LogModuleManager: Shutting down and abandoning module CableComponent (366)
[2018.04.26-11.15.40:169][370]LogModuleManager: Shutting down and abandoning module AudioCapture (364)
[2018.04.26-11.15.40:169][370]LogModuleManager: Shutting down and abandoning module ArchVisCharacter (362)
[2018.04.26-11.15.40:169][370]LogModuleManager: Shutting down and abandoning module AndroidPermission (360)
[2018.04.26-11.15.40:169][370]LogModuleManager: Shutting down and abandoning module NUTUnrealEngine4 (354)
[2018.04.26-11.15.40:169][370]LogModuleManager: Shutting down and abandoning module NetcodeUnitTest (352)
[2018.04.26-11.15.40:169][370]LogModuleManager: Shutting down and abandoning module MediaCompositingEditor (350)
[2018.04.26-11.15.40:169][370]LogModuleManager: Shutting down and abandoning module MediaCompositing (348)
[2018.04.26-11.15.40:169][370]LogModuleManager: Shutting down and abandoning module LinearTimecode (346)
[2018.04.26-11.15.40:169][370]LogModuleManager: Shutting down and abandoning module ImgMedia (344)
[2018.04.26-11.15.40:171][370]LogModuleManager: Shutting down and abandoning module HTML5Networking (342)
[2018.04.26-11.15.40:172][370]LogModuleManager: Shutting down and abandoning module AlembicImporter (340)
[2018.04.26-11.15.40:172][370]LogModuleManager: Shutting down and abandoning module AlembicLibrary (339)
[2018.04.26-11.15.40:172][370]LogModuleManager: Shutting down and abandoning module GeometryCache (338)
[2018.04.26-11.15.40:172][370]LogModuleManager: Shutting down and abandoning module GeometryCacheEd (337)
[2018.04.26-11.15.40:172][370]LogModuleManager: Shutting down and abandoning module DatasmithContent (332)
[2018.04.26-11.15.40:172][370]LogModuleManager: Shutting down and abandoning module SpeedTreeImporter (330)
[2018.04.26-11.15.40:172][370]LogModuleManager: Shutting down and abandoning module PluginBrowser (328)
[2018.04.26-11.15.40:172][370]LogModuleManager: Shutting down and abandoning module MobileLauncherProfileWizard (326)
[2018.04.26-11.15.40:172][370]LogModuleManager: Shutting down and abandoning module CryptoKeysOpenSSL (324)
[2018.04.26-11.15.40:172][370]LogModuleManager: Shutting down and abandoning module CryptoKeys (322)
[2018.04.26-11.15.40:172][370]LogModuleManager: Shutting down and abandoning module VisualStudioSourceCodeAccess (320)
[2018.04.26-11.15.40:172][370]LogModuleManager: Shutting down and abandoning module VisualStudioCodeSourceCodeAccess (318)
[2018.04.26-11.15.40:172][370]LogModuleManager: Shutting down and abandoning module UObjectPlugin (316)
[2018.04.26-11.15.40:172][370]LogModuleManager: Shutting down and abandoning module SubversionSourceControl (314)
[2018.04.26-11.15.40:172][370]LogModuleManager: Shutting down and abandoning module PerforceSourceControl (312)
[2018.04.26-11.15.40:172][370]LogModuleManager: Shutting down and abandoning module GitSourceControl (310)
[2018.04.26-11.15.40:172][370]LogModuleManager: Shutting down and abandoning module SourceControl (309)
[2018.04.26-11.15.40:172][370]LogModuleManager: Shutting down and abandoning module CLionSourceCodeAccess (306)
[2018.04.26-11.15.40:172][370]LogModuleManager: Shutting down and abandoning module LightPropagationVolumeEditor (304)
[2018.04.26-11.15.40:172][370]LogModuleManager: Shutting down and abandoning module PaperTiledImporter (302)
[2018.04.26-11.15.40:172][370]LogModuleManager: Shutting down and abandoning module PaperSpriteSheetImporter (300)
[2018.04.26-11.15.40:172][370]LogModuleManager: Shutting down and abandoning module Paper2DEditor (298)
[2018.04.26-11.15.40:172][370]LogModuleManager: Shutting down and abandoning module MeshPaint (297)
[2018.04.26-11.15.40:172][370]LogModuleManager: Shutting down and abandoning module MyProject (294)
[2018.04.26-11.15.40:172][370]LogModuleManager: Shutting down and abandoning module AdvancedSteamSessions (292)
[2018.04.26-11.15.40:172][370]LogModuleManager: Shutting down and abandoning module AdvancedSessions (290)
[2018.04.26-11.15.40:172][370]LogModuleManager: Shutting down and abandoning module RuntimePhysXCooking (288)
[2018.04.26-11.15.40:172][370]LogModuleManager: Shutting down and abandoning module PhysXVehiclesEditor (286)
[2018.04.26-11.15.40:172][370]LogModuleManager: Shutting down and abandoning module PhysXVehicles (284)
[2018.04.26-11.15.40:172][370]LogModuleManager: Shutting down and abandoning module OculusEditor (282)
[2018.04.26-11.15.40:172][370]LogModuleManager: Shutting down and abandoning module LocationServicesBPLibrary (280)
[2018.04.26-11.15.40:172][370]LogModuleManager: Shutting down and abandoning module ImmediatePhysicsEditor (278)
[2018.04.26-11.15.40:172][370]LogModuleManager: Shutting down and abandoning module ImmediatePhysics (276)
[2018.04.26-11.15.40:173][370]LogModuleManager: Shutting down and abandoning module ActorSequence (274)
[2018.04.26-11.15.40:173][370]LogModuleManager: Shutting down and abandoning module UdpMessaging (272)
[2018.04.26-11.15.40:274][370]LogModuleManager: Shutting down and abandoning module TcpMessaging (270)
[2018.04.26-11.15.40:375][370]LogModuleManager: Shutting down and abandoning module GameplayTagsEditor (268)
[2018.04.26-11.15.40:375][370]LogModuleManager: Shutting down and abandoning module FacialAnimationEditor (266)
[2018.04.26-11.15.40:375][370]LogModuleManager: Shutting down and abandoning module FacialAnimation (264)
[2018.04.26-11.15.40:375][370]LogModuleManager: Shutting down and abandoning module DataValidation (262)
[2018.04.26-11.15.40:375][370]LogModuleManager: Shutting down and abandoning module AssetManagerEditor (260)
[2018.04.26-11.15.40:375][370]LogModuleManager: Shutting down and abandoning module LevelEditor (259)
[2018.04.26-11.15.40:376][370]LogModuleManager: Shutting down and abandoning module PixelInspectorModule (258)
[2018.04.26-11.15.40:376][370]LogModuleManager: Shutting down and abandoning module CommonMenuExtensions (256)
[2018.04.26-11.15.40:376][370]LogModuleManager: Shutting down and abandoning module MainFrame (254)
[2018.04.26-11.15.40:376][370]LogModuleManager: Shutting down and abandoning module HotReload (253)
[2018.04.26-11.15.40:376][370]LogDirectoryWatcher: A directory notification for 'C:/Users/Alex/Documents/Unreal Projects/MyProject/Binaries/Win64' was aborted.
[2018.04.26-11.15.40:376][370]LogDirectoryWatcher: A directory notification for 'C:/Users/Alex/Documents/Unreal Projects/MyProject/Plugins/Plugins/AdvancedSessions/AdvancedSessions/Binaries/Win64' was aborted.
[2018.04.26-11.15.40:376][370]LogDirectoryWatcher: A directory notification for 'C:/Users/Alex/Documents/Unreal Projects/MyProject/Plugins/Plugins/AdvancedSessions/AdvancedSteamSessions/Binaries/Win64' was aborted.
[2018.04.26-11.15.40:376][370]LogDirectoryWatcher: A directory notification for 'C:/Users/Alex/Documents/Unreal Projects/MyProject/Plugins/Plugins/VRExpansionPlugin/OpenVRExpansionPlugin/Binaries/Win64' was aborted.
[2018.04.26-11.15.40:376][370]LogDirectoryWatcher: A directory notification for 'C:/Users/Alex/Documents/Unreal Projects/MyProject/Plugins/Plugins/VRExpansionPlugin/VRExpansionPlugin/Binaries/Win64' was aborted.
[2018.04.26-11.15.40:377][370]LogModuleManager: Shutting down and abandoning module ContentBrowser (249)
[2018.04.26-11.15.40:378][370]LogModuleManager: Shutting down and abandoning module TreeMap (247)
[2018.04.26-11.15.40:378][370]LogModuleManager: Shutting down and abandoning module LightPropagationVolumeRuntime (244)
[2018.04.26-11.15.40:378][370]LogModuleManager: Shutting down and abandoning module LiveLinkEditor (242)
[2018.04.26-11.15.40:378][370]LogModuleManager: Shutting down and abandoning module LiveLink (240)
[2018.04.26-11.15.41:328][370]LogModuleManager: Shutting down and abandoning module Paper2D (238)
[2018.04.26-11.15.41:328][370]LogModuleManager: Shutting down and abandoning module WindowsMoviePlayer (236)
[2018.04.26-11.15.41:328][370]LogModuleManager: Shutting down and abandoning module WmfMedia (234)
[2018.04.26-11.15.41:328][370]LogModuleManager: Shutting down and abandoning module Media (233)
[2018.04.26-11.15.41:335][370]LogModuleManager: Shutting down and abandoning module PacketHandler (230)
[2018.04.26-11.15.41:335][370]LogModuleManager: Shutting down and abandoning module ClothingSystemEditor (228)
[2018.04.26-11.15.41:335][370]LogModuleManager: Shutting down and abandoning module ClothingSystemRuntime (226)
[2018.04.26-11.15.41:335][370]LogModuleManager: Shutting down and abandoning module MediaAssets (224)
[2018.04.26-11.15.41:335][370]LogModuleManager: Shutting down and abandoning module Overlay (222)
[2018.04.26-11.15.41:335][370]LogModuleManager: Shutting down and abandoning module OverlayEditor (221)
[2018.04.26-11.15.41:335][370]LogModuleManager: Shutting down and abandoning module VREditor (218)
[2018.04.26-11.15.41:335][370]LogModuleManager: Shutting down and abandoning module StringTableEditor (216)
[2018.04.26-11.15.41:335][370]LogModuleManager: Shutting down and abandoning module GameplayTasksEditor (214)
[2018.04.26-11.15.41:335][370]LogModuleManager: Shutting down and abandoning module BehaviorTreeEditor (212)
[2018.04.26-11.15.41:335][370]LogModuleManager: Shutting down and abandoning module FunctionalTesting (210)
[2018.04.26-11.15.41:335][370]LogModuleManager: Shutting down and abandoning module CollisionAnalyzer (208)
[2018.04.26-11.15.41:336][370]LogModuleManager: Shutting down and abandoning module WorkspaceMenuStructure (207)
[2018.04.26-11.15.41:336][370]LogModuleManager: Shutting down and abandoning module UMG (204)
[2018.04.26-11.15.41:336][370]LogModuleManager: Shutting down and abandoning module UMGEditor (203)
[2018.04.26-11.15.41:336][370]LogModuleManager: Shutting down and abandoning module Sequencer (202)
[2018.04.26-11.15.41:336][370]LogModuleManager: Shutting down and abandoning module MessageLog (199)
[2018.04.26-11.15.41:336][370]LogModuleManager: Shutting down and abandoning module SlateReflector (194)
[2018.04.26-11.15.41:336][370]LogModuleManager: Shutting down and abandoning module Slate (192)
[2018.04.26-11.15.41:336][370]LogModuleManager: Shutting down and abandoning module EditorStyle (190)
[2018.04.26-11.15.41:338][370]LogModuleManager: Shutting down and abandoning module MRMesh (188)
[2018.04.26-11.15.41:338][370]LogModuleManager: Shutting down and abandoning module SourceCodeAccess (186)
[2018.04.26-11.15.41:338][370]LogModuleManager: Shutting down and abandoning module HeadMountedDisplay (184)
[2018.04.26-11.15.41:338][370]LogModuleManager: Shutting down and abandoning module XAudio2 (182)
[2018.04.26-11.15.41:338][370]LogModuleManager: Shutting down and abandoning module Networking (180)
[2018.04.26-11.15.41:338][370]LogModuleManager: Shutting down and abandoning module Core (178)
[2018.04.26-11.15.41:338][370]LogModuleManager: Shutting down and abandoning module LevelSequence (176)
[2018.04.26-11.15.41:338][370]LogModuleManager: Shutting down and abandoning module KismetCompiler (174)
[2018.04.26-11.15.41:338][370]LogModuleManager: Shutting down and abandoning module MeshUtilities (172)
[2018.04.26-11.15.41:338][370]LogModuleManager: Shutting down and abandoning module MeshMergeUtilities (171)
[2018.04.26-11.15.41:338][370]LogModuleManager: Shutting down and abandoning module MeshReductionInterface (170)
[2018.04.26-11.15.41:338][370]LogModuleManager: Shutting down and abandoning module SimplygonSwarm (169)
[2018.04.26-11.15.41:338][370]LogModuleManager: Shutting down and abandoning module SimplygonMeshReduction (167)
[2018.04.26-11.15.41:338][370]LogModuleManager: Shutting down and abandoning module QuadricMeshReduction (165)
[2018.04.26-11.15.41:338][370]LogModuleManager: Shutting down and abandoning module MaterialBaking (161)
[2018.04.26-11.15.41:338][370]LogModuleManager: Shutting down and abandoning module DirectoryWatcher (157)
[2018.04.26-11.15.41:339][370]LogModuleManager: Shutting down and abandoning module DerivedDataCache (154)
[2018.04.26-11.15.41:404][370]LogDerivedDataCache: Shutdown
[2018.04.26-11.15.41:404][370]LogModuleManager: Shutting down and abandoning module XGEController (152)
[2018.04.26-11.15.41:404][370]LogModuleManager: Shutting down and abandoning module TargetPlatform (150)
[2018.04.26-11.15.41:404][370]LogModuleManager: Shutting down and abandoning module VulkanShaderFormat (149)
[2018.04.26-11.15.41:404][370]LogModuleManager: Shutting down and abandoning module ShaderFormatVectorVM (147)
[2018.04.26-11.15.41:404][370]LogModuleManager: Shutting down and abandoning module ShaderFormatOpenGL (145)
[2018.04.26-11.15.41:404][370]LogModuleManager: Shutting down and abandoning module ShaderFormatD3D (143)
[2018.04.26-11.15.41:404][370]LogModuleManager: Shutting down and abandoning module MetalShaderFormat (141)
[2018.04.26-11.15.41:405][370]LogModuleManager: Shutting down and abandoning module TextureFormatUncompressed (139)
[2018.04.26-11.15.41:405][370]LogModuleManager: Shutting down and abandoning module TextureFormatPVR (137)
[2018.04.26-11.15.41:405][370]LogModuleManager: Shutting down and abandoning module TextureFormatDXT (135)
[2018.04.26-11.15.41:405][370]LogModuleManager: Shutting down and abandoning module TextureFormatIntelISPCTexComp (133)
[2018.04.26-11.15.41:405][370]LogModuleManager: Shutting down and abandoning module TextureFormatASTC (131)
[2018.04.26-11.15.41:405][370]LogModuleManager: Shutting down and abandoning module ImageWrapper (130)
[2018.04.26-11.15.41:405][370]LogModuleManager: Shutting down and abandoning module TextureFormatAndroid (127)
[2018.04.26-11.15.41:405][370]LogModuleManager: Shutting down and abandoning module AudioFormatOpus (125)
[2018.04.26-11.15.41:405][370]LogModuleManager: Shutting down and abandoning module AudioFormatOgg (123)
[2018.04.26-11.15.41:405][370]LogModuleManager: Shutting down and abandoning module AudioFormatADPCM (121)
[2018.04.26-11.15.41:405][370]LogModuleManager: Shutting down and abandoning module LinuxTargetPlatform (119)
[2018.04.26-11.15.41:405][370]LogModuleManager: Shutting down and abandoning module LinuxServerTargetPlatform (117)
[2018.04.26-11.15.41:405][370]LogModuleManager: Shutting down and abandoning module LinuxNoEditorTargetPlatform (115)
[2018.04.26-11.15.41:405][370]LogModuleManager: Shutting down and abandoning module LinuxClientTargetPlatform (113)
[2018.04.26-11.15.41:405][370]LogModuleManager: Shutting down and abandoning module TVOSTargetPlatform (111)
[2018.04.26-11.15.41:405][370]LogModuleManager: Shutting down and abandoning module Messaging (109)
[2018.04.26-11.15.41:405][370]LogModuleManager: Shutting down and abandoning module IOSTargetPlatform (107)
[2018.04.26-11.15.41:405][370]LogModuleManager: Shutting down and abandoning module HTML5TargetPlatform (105)
[2018.04.26-11.15.41:405][370]LogModuleManager: Shutting down and abandoning module AndroidTargetPlatform (103)
[2018.04.26-11.15.41:405][370]LogModuleManager: Shutting down and abandoning module Android_PVRTCTargetPlatform (101)
[2018.04.26-11.15.41:405][370]LogModuleManager: Shutting down and abandoning module Android_MultiTargetPlatform (99)
[2018.04.26-11.15.41:405][370]LogModuleManager: Shutting down and abandoning module Android_ETC2TargetPlatform (97)
[2018.04.26-11.15.41:405][370]LogModuleManager: Shutting down and abandoning module Android_ETC1TargetPlatform (95)
[2018.04.26-11.15.41:405][370]LogModuleManager: Shutting down and abandoning module Android_ETC1aTargetPlatform (93)
[2018.04.26-11.15.41:405][370]LogModuleManager: Shutting down and abandoning module Android_DXTTargetPlatform (91)
[2018.04.26-11.15.41:405][370]LogModuleManager: Shutting down and abandoning module Android_ATCTargetPlatform (89)
[2018.04.26-11.15.41:405][370]LogModuleManager: Shutting down and abandoning module Android_ASTCTargetPlatform (87)
[2018.04.26-11.15.41:405][370]LogModuleManager: Shutting down and abandoning module WindowsTargetPlatform (85)
[2018.04.26-11.15.41:405][370]LogModuleManager: Shutting down and abandoning module WindowsServerTargetPlatform (83)
[2018.04.26-11.15.41:405][370]LogModuleManager: Shutting down and abandoning module WindowsNoEditorTargetPlatform (81)
[2018.04.26-11.15.41:405][370]LogModuleManager: Shutting down and abandoning module WindowsClientTargetPlatform (79)
[2018.04.26-11.15.41:405][370]LogModuleManager: Shutting down and abandoning module MacTargetPlatform (77)
[2018.04.26-11.15.41:405][370]LogModuleManager: Shutting down and abandoning module MacServerTargetPlatform (75)
[2018.04.26-11.15.41:405][370]LogModuleManager: Shutting down and abandoning module MacNoEditorTargetPlatform (73)
[2018.04.26-11.15.41:405][370]LogModuleManager: Shutting down and abandoning module MacClientTargetPlatform (71)
[2018.04.26-11.15.41:405][370]LogModuleManager: Shutting down and abandoning module AllDesktopTargetPlatform (69)
[2018.04.26-11.15.41:405][370]LogModuleManager: Shutting down and abandoning module InputCore (66)
[2018.04.26-11.15.41:405][370]LogModuleManager: Shutting down and abandoning module Settings (64)
[2018.04.26-11.15.41:405][370]LogModuleManager: Shutting down and abandoning module PhysXCooking (62)
[2018.04.26-11.15.41:405][370]LogModuleManager: Shutting down and abandoning module SteamVR (60)
[2018.04.26-11.15.41:405][370]LogModuleManager: Shutting down and abandoning module OculusHMD (58)
[2018.04.26-11.15.41:405][370]LogModuleManager: Shutting down and abandoning module ExampleDeviceProfileSelector (56)
[2018.04.26-11.15.41:405][370]LogModuleManager: Shutting down and abandoning module AppleARKit (54)
[2018.04.26-11.15.41:405][370]LogModuleManager: Shutting down and abandoning module AugmentedReality (51)
[2018.04.26-11.15.41:405][370]LogModuleManager: Shutting down and abandoning module OnlineBlueprintSupport (48)
[2018.04.26-11.15.41:406][370]LogModuleManager: Shutting down and abandoning module OnlineSubsystem (44)
[2018.04.26-11.15.41:406][370]LogModuleManager: Shutting down and abandoning module XMPP (43)
[2018.04.26-11.15.41:406][370]LogModuleManager: Shutting down and abandoning module HTTP (41)
[2018.04.26-11.15.41:406][370]LogHttp: Display: Http module shutting down, but needs to wait on 3 outstanding Http requests:
[2018.04.26-11.15.41:406][370]LogHttp: Display: 	verb=[POST] url=[https://datarouter.ol.epicgames.com/datarouter/api/v1/public/data?SessionID=%7BC1030DFF-4490-5AF5-2CFE-79B4AD6A0A0E%7D&AppID=UEEditor.Rocket.Release&AppVersion=4.19.1-3989454%2B%2B%2BUE4%2BRelease-4.19&UserID=c6c64b524abe30d587547d9090dc7e74%7C8634a03a9209465f88b59a7fe77a5d97%7Cdcb5fac4-77f5-41c1-82e3-3a8678ea421f&AppEnvironment=datacollector-binary&UploadType=eteventstream] status=Processing
[2018.04.26-11.15.41:406][370]LogHttp: Display: 	verb=[POST] url=[https://datarouter.ol.epicgames.com/datarouter/api/v1/public/data?SessionID=%7BC1030DFF-4490-5AF5-2CFE-79B4AD6A0A0E%7D&AppID=UEEditor.Rocket.Release&AppVersion=4.19.1-3989454%2B%2B%2BUE4%2BRelease-4.19&UserID=c6c64b524abe30d587547d9090dc7e74%7C8634a03a9209465f88b59a7fe77a5d97%7Cdcb5fac4-77f5-41c1-82e3-3a8678ea421f&AppEnvironment=datacollector-binary&UploadType=eteventstream] status=Processing
[2018.04.26-11.15.41:406][370]LogHttp: Display: 	verb=[POST] url=[https://datarouter.ol.epicgames.com/datarouter/api/v1/public/data?SessionID=%7BC1030DFF-4490-5AF5-2CFE-79B4AD6A0A0E%7D&AppID=UEEditor.Rocket.Release&AppVersion=4.19.1-3989454%2B%2B%2BUE4%2BRelease-4.19&UserID=c6c64b524abe30d587547d9090dc7e74%7C8634a03a9209465f88b59a7fe77a5d97%7Cdcb5fac4-77f5-41c1-82e3-3a8678ea421f&AppEnvironment=datacollector-binary&UploadType=eteventstream] status=Processing
[2018.04.26-11.15.41:406][370]LogHttp: Display: Sleeping 0.5s to wait for 3 outstanding Http requests.
[2018.04.26-11.15.41:907][370]LogHttp: Display: Sleeping 0.5s to wait for 3 outstanding Http requests.
[2018.04.26-11.15.42:407][370]LogHttp: Display: Sleeping 0.5s to wait for 3 outstanding Http requests.
[2018.04.26-11.15.42:907][370]LogHttp: Display: Sleeping 0.5s to wait for 3 outstanding Http requests.
[2018.04.26-11.15.43:408][370]LogHttp: Display: Sleeping 0.5s to wait for 3 outstanding Http requests.
[2018.04.26-11.15.43:908][370]LogHttp: Display: Sleeping 0.5s to wait for 3 outstanding Http requests.
[2018.04.26-11.15.44:409][370]LogHttp: Display: Sleeping 0.5s to wait for 3 outstanding Http requests.
[2018.04.26-11.15.44:910][370]LogHttp: Display: Sleeping 0.5s to wait for 3 outstanding Http requests.
[2018.04.26-11.15.45:411][370]LogHttp: Display: Sleeping 0.5s to wait for 3 outstanding Http requests.
[2018.04.26-11.15.45:912][370]LogHttp: Display: Sleeping 0.5s to wait for 3 outstanding Http requests.
[2018.04.26-11.15.46:413][370]LogHttp: Display: Sleeping 0.5s to wait for 3 outstanding Http requests.
[2018.04.26-11.15.46:913][370]LogHttp: Display: Sleeping 0.5s to wait for 3 outstanding Http requests.
[2018.04.26-11.15.47:413][370]LogHttp: Display: Sleeping 0.5s to wait for 3 outstanding Http requests.
[2018.04.26-11.15.47:914][370]LogHttp: Display: Sleeping 0.5s to wait for 3 outstanding Http requests.
[2018.04.26-11.15.48:414][370]LogHttp: Display: Sleeping 0.5s to wait for 3 outstanding Http requests.
[2018.04.26-11.15.48:915][370]LogHttp: Display: Sleeping 0.5s to wait for 3 outstanding Http requests.
[2018.04.26-11.15.49:416][370]LogHttp: Display: Sleeping 0.5s to wait for 3 outstanding Http requests.
[2018.04.26-11.15.49:917][370]LogHttp: Display: Sleeping 0.5s to wait for 3 outstanding Http requests.
[2018.04.26-11.15.50:417][370]LogHttp: Display: Sleeping 0.5s to wait for 3 outstanding Http requests.
[2018.04.26-11.15.50:918][370]LogHttp: Display: Sleeping 0.5s to wait for 3 outstanding Http requests.
[2018.04.26-11.15.51:418][370]LogHttp: Display: Sleeping 0.5s to wait for 3 outstanding Http requests.
[2018.04.26-11.15.51:919][370]LogHttp: Display: Sleeping 0.5s to wait for 3 outstanding Http requests.
[2018.04.26-11.15.52:420][370]LogHttp: Display: Sleeping 0.5s to wait for 3 outstanding Http requests.
[2018.04.26-11.15.52:921][370]LogHttp: Display: Sleeping 0.5s to wait for 3 outstanding Http requests.
[2018.04.26-11.15.53:421][370]LogHttp: Display: Sleeping 0.5s to wait for 3 outstanding Http requests.
[2018.04.26-11.15.53:921][370]LogHttp: Display: Sleeping 0.5s to wait for 3 outstanding Http requests.
[2018.04.26-11.15.54:422][370]LogHttp: Display: Sleeping 0.5s to wait for 3 outstanding Http requests.
[2018.04.26-11.15.54:922][370]LogHttp: Display: Sleeping 0.5s to wait for 3 outstanding Http requests.
[2018.04.26-11.15.55:423][370]LogHttp: Display: Sleeping 0.5s to wait for 3 outstanding Http requests.
[2018.04.26-11.15.55:924][370]LogHttp: Display: Sleeping 0.5s to wait for 3 outstanding Http requests.
[2018.04.26-11.15.56:424][370]LogHttp: Display: Sleeping 0.5s to wait for 3 outstanding Http requests.
[2018.04.26-11.15.56:925][370]LogHttp: Display: Sleeping 0.5s to wait for 3 outstanding Http requests.
[2018.04.26-11.15.57:426][370]LogHttp: Display: Sleeping 0.5s to wait for 3 outstanding Http requests.
[2018.04.26-11.15.57:926][370]LogHttp: Display: Sleeping 0.5s to wait for 3 outstanding Http requests.
[2018.04.26-11.15.58:427][370]LogHttp: Display: Sleeping 0.5s to wait for 3 outstanding Http requests.
[2018.04.26-11.15.58:928][370]LogHttp: Display: Sleeping 0.5s to wait for 3 outstanding Http requests.
[2018.04.26-11.15.59:429][370]LogHttp: Display: Sleeping 0.5s to wait for 3 outstanding Http requests.
